<?xml version="1.0" encoding="UTF-8" ?>
<testsuite tests="1" failures="0" name="org.benjamin.erp.test.BorrowerTest" time="2.451" errors="1" skipped="0">
  <properties>
[...]
</properties>
  <testcase classname="org.benjamin.erp.test.BorrowerTest" name="tenderBorrower" time="2.451">
    <error message="The component(s) below failed to render. Possible reasons could be that:
	1) you have added a component in code but forgot to reference it in the markup (thus the component will never be rendered),
	2) if your components were added in a parent container then make sure the markup for the child container includes them in &lt;wicket:extend&gt;.

1. [DebugBar [Component id = debugBar, page = com.benjamin.erp.page.ReleaseBorrowerPage, path = debugBar, type = org.apache.wicket.devutils.debugbar.DebugBar, isVisible = true, isVersioned = true], children =  [Component id = logo][WebMarkupContainer [Component id = content]]]
2. [Component id = logo, page = com.benjamin.erp.page.ReleaseBorrowerPage, path = debugBar:logo, type = org.apache.wicket.markup.html.image.Image, isVisible = true, isVersioned = true]
3. [WebMarkupContainer [Component id = content, page = com.benjamin.erp.page.ReleaseBorrowerPage, path = debugBar:content, type = org.apache.wicket.markup.html.WebMarkupContainer, isVisible = true, isVersioned = true], children =  [ListView [Component id = contributors]][Component id = removeImg]]
4. [ListView [Component id = contributors, page = com.benjamin.erp.page.ReleaseBorrowerPage, path = debugBar:content:contributors, type = org.apache.wicket.markup.html.list.ListView, isVisible = true, isVersioned = true], children =  [ListItem [Component id = 0]][ListItem [Component id = 1]][ListItem [Component id = 2]][ListItem [Component id = 3]]]
5. [ListItem [Component id = 0, page = com.benjamin.erp.page.ReleaseBorrowerPage, path = debugBar:content:contributors:0, type = org.apache.wicket.markup.html.list.ListItem, isVisible = true, isVersioned = true], children =  [Component id = contrib]]
6. [Component id = contrib, page = com.benjamin.erp.page.ReleaseBorrowerPage, path = debugBar:content:contributors:0:contrib, type = org.apache.wicket.markup.html.basic.Label, isVisible = true, isVersioned = true]
7. [ListItem [Component id = 1, page = com.benjamin.erp.page.ReleaseBorrowerPage, path = debugBar:content:contributors:1, type = org.apache.wicket.markup.html.list.ListItem, isVisible = true, isVersioned = true], children =  [InspectorDebugPanel [Component id = contrib]]]
8. [InspectorDebugPanel [Component id = contrib, page = com.benjamin.erp.page.ReleaseBorrowerPage, path = debugBar:content:contributors:1:contrib, type = org.apache.wicket.devutils.debugbar.InspectorDebugPanel, isVisible = true, isVersioned = true], children =  [BookmarkablePageLink [Component id = link]]]
9. [BookmarkablePageLink [Component id = link, page = com.benjamin.erp.page.ReleaseBorrowerPage, path = debugBar:content:contributors:1:contrib:link, type = org.apache.wicket.markup.html.link.BookmarkablePageLink, isVisible = true, isVersioned = true], children =  [Component id = img][Component id = data]]
10. [Component id = img, page = com.benjamin.erp.page.ReleaseBorrowerPage, path = debugBar:content:contributors:1:contrib:link:img, type = org.apache.wicket.markup.html.image.Image, isVisible = true, isVersioned = true]
11. [Component id = data, page = com.benjamin.erp.page.ReleaseBorrowerPage, path = debugBar:content:contributors:1:contrib:link:data, type = org.apache.wicket.markup.html.basic.Label, isVisible = true, isVersioned = true]
12. [ListItem [Component id = 2, page = com.benjamin.erp.page.ReleaseBorrowerPage, path = debugBar:content:contributors:2, type = org.apache.wicket.markup.html.list.ListItem, isVisible = true, isVersioned = true], children =  [SessionSizeDebugPanel [Component id = contrib]]]
13. [SessionSizeDebugPanel [Component id = contrib, page = com.benjamin.erp.page.ReleaseBorrowerPage, path = debugBar:content:contributors:2:contrib, type = org.apache.wicket.devutils.debugbar.SessionSizeDebugPanel, isVisible = true, isVersioned = true], children =  [BookmarkablePageLink [Component id = link]]]
14. [BookmarkablePageLink [Component id = link, page = com.benjamin.erp.page.ReleaseBorrowerPage, path = debugBar:content:contributors:2:contrib:link, type = org.apache.wicket.markup.html.link.BookmarkablePageLink, isVisible = true, isVersioned = true], children =  [Component id = img][Component id = data]]
15. [Component id = img, page = com.benjamin.erp.page.ReleaseBorrowerPage, path = debugBar:content:contributors:2:contrib:link:img, type = org.apache.wicket.markup.html.image.Image, isVisible = true, isVersioned = true]
16. [Component id = data, page = com.benjamin.erp.page.ReleaseBorrowerPage, path = debugBar:content:contributors:2:contrib:link:data, type = org.apache.wicket.markup.html.basic.Label, isVisible = true, isVersioned = true]
17. [ListItem [Component id = 3, page = com.benjamin.erp.page.ReleaseBorrowerPage, path = debugBar:content:contributors:3, type = org.apache.wicket.markup.html.list.ListItem, isVisible = true, isVersioned = true], children =  [PageSizeDebugPanel [Component id = contrib]]]
18. [PageSizeDebugPanel [Component id = contrib, page = com.benjamin.erp.page.ReleaseBorrowerPage, path = debugBar:content:contributors:3:contrib, type = org.apache.wicket.devutils.debugbar.PageSizeDebugPanel, isVisible = true, isVersioned = true], children =  [BookmarkablePageLink [Component id = link]]]
19. [BookmarkablePageLink [Component id = link, page = com.benjamin.erp.page.ReleaseBorrowerPage, path = debugBar:content:contributors:3:contrib:link, type = org.apache.wicket.markup.html.link.BookmarkablePageLink, isVisible = true, isVersioned = true], children =  [Component id = img][Component id = data]]
20. [Component id = img, page = com.benjamin.erp.page.ReleaseBorrowerPage, path = debugBar:content:contributors:3:contrib:link:img, type = org.apache.wicket.markup.html.image.Image, isVisible = true, isVersioned = true]
21. [Component id = data, page = com.benjamin.erp.page.ReleaseBorrowerPage, path = debugBar:content:contributors:3:contrib:link:data, type = org.apache.wicket.markup.html.basic.Label, isVisible = true, isVersioned = true]
22. [Component id = removeImg, page = com.benjamin.erp.page.ReleaseBorrowerPage, path = debugBar:content:removeImg, type = org.apache.wicket.markup.html.image.Image, isVisible = true, isVersioned = true]
" type="org.apache.wicket.WicketRuntimeException">org.apache.wicket.WicketRuntimeException: The component(s) below failed to render. Possible reasons could be that:
	1) you have added a component in code but forgot to reference it in the markup (thus the component will never be rendered),
	2) if your components were added in a parent container then make sure the markup for the child container includes them in &lt;wicket:extend&gt;.

1. [DebugBar [Component id = debugBar, page = com.benjamin.erp.page.ReleaseBorrowerPage, path = debugBar, type = org.apache.wicket.devutils.debugbar.DebugBar, isVisible = true, isVersioned = true], children =  [Component id = logo][WebMarkupContainer [Component id = content]]]
2. [Component id = logo, page = com.benjamin.erp.page.ReleaseBorrowerPage, path = debugBar:logo, type = org.apache.wicket.markup.html.image.Image, isVisible = true, isVersioned = true]
3. [WebMarkupContainer [Component id = content, page = com.benjamin.erp.page.ReleaseBorrowerPage, path = debugBar:content, type = org.apache.wicket.markup.html.WebMarkupContainer, isVisible = true, isVersioned = true], children =  [ListView [Component id = contributors]][Component id = removeImg]]
4. [ListView [Component id = contributors, page = com.benjamin.erp.page.ReleaseBorrowerPage, path = debugBar:content:contributors, type = org.apache.wicket.markup.html.list.ListView, isVisible = true, isVersioned = true], children =  [ListItem [Component id = 0]][ListItem [Component id = 1]][ListItem [Component id = 2]][ListItem [Component id = 3]]]
5. [ListItem [Component id = 0, page = com.benjamin.erp.page.ReleaseBorrowerPage, path = debugBar:content:contributors:0, type = org.apache.wicket.markup.html.list.ListItem, isVisible = true, isVersioned = true], children =  [Component id = contrib]]
6. [Component id = contrib, page = com.benjamin.erp.page.ReleaseBorrowerPage, path = debugBar:content:contributors:0:contrib, type = org.apache.wicket.markup.html.basic.Label, isVisible = true, isVersioned = true]
7. [ListItem [Component id = 1, page = com.benjamin.erp.page.ReleaseBorrowerPage, path = debugBar:content:contributors:1, type = org.apache.wicket.markup.html.list.ListItem, isVisible = true, isVersioned = true], children =  [InspectorDebugPanel [Component id = contrib]]]
8. [InspectorDebugPanel [Component id = contrib, page = com.benjamin.erp.page.ReleaseBorrowerPage, path = debugBar:content:contributors:1:contrib, type = org.apache.wicket.devutils.debugbar.InspectorDebugPanel, isVisible = true, isVersioned = true], children =  [BookmarkablePageLink [Component id = link]]]
9. [BookmarkablePageLink [Component id = link, page = com.benjamin.erp.page.ReleaseBorrowerPage, path = debugBar:content:contributors:1:contrib:link, type = org.apache.wicket.markup.html.link.BookmarkablePageLink, isVisible = true, isVersioned = true], children =  [Component id = img][Component id = data]]
10. [Component id = img, page = com.benjamin.erp.page.ReleaseBorrowerPage, path = debugBar:content:contributors:1:contrib:link:img, type = org.apache.wicket.markup.html.image.Image, isVisible = true, isVersioned = true]
11. [Component id = data, page = com.benjamin.erp.page.ReleaseBorrowerPage, path = debugBar:content:contributors:1:contrib:link:data, type = org.apache.wicket.markup.html.basic.Label, isVisible = true, isVersioned = true]
12. [ListItem [Component id = 2, page = com.benjamin.erp.page.ReleaseBorrowerPage, path = debugBar:content:contributors:2, type = org.apache.wicket.markup.html.list.ListItem, isVisible = true, isVersioned = true], children =  [SessionSizeDebugPanel [Component id = contrib]]]
13. [SessionSizeDebugPanel [Component id = contrib, page = com.benjamin.erp.page.ReleaseBorrowerPage, path = debugBar:content:contributors:2:contrib, type = org.apache.wicket.devutils.debugbar.SessionSizeDebugPanel, isVisible = true, isVersioned = true], children =  [BookmarkablePageLink [Component id = link]]]
14. [BookmarkablePageLink [Component id = link, page = com.benjamin.erp.page.ReleaseBorrowerPage, path = debugBar:content:contributors:2:contrib:link, type = org.apache.wicket.markup.html.link.BookmarkablePageLink, isVisible = true, isVersioned = true], children =  [Component id = img][Component id = data]]
15. [Component id = img, page = com.benjamin.erp.page.ReleaseBorrowerPage, path = debugBar:content:contributors:2:contrib:link:img, type = org.apache.wicket.markup.html.image.Image, isVisible = true, isVersioned = true]
16. [Component id = data, page = com.benjamin.erp.page.ReleaseBorrowerPage, path = debugBar:content:contributors:2:contrib:link:data, type = org.apache.wicket.markup.html.basic.Label, isVisible = true, isVersioned = true]
17. [ListItem [Component id = 3, page = com.benjamin.erp.page.ReleaseBorrowerPage, path = debugBar:content:contributors:3, type = org.apache.wicket.markup.html.list.ListItem, isVisible = true, isVersioned = true], children =  [PageSizeDebugPanel [Component id = contrib]]]
18. [PageSizeDebugPanel [Component id = contrib, page = com.benjamin.erp.page.ReleaseBorrowerPage, path = debugBar:content:contributors:3:contrib, type = org.apache.wicket.devutils.debugbar.PageSizeDebugPanel, isVisible = true, isVersioned = true], children =  [BookmarkablePageLink [Component id = link]]]
19. [BookmarkablePageLink [Component id = link, page = com.benjamin.erp.page.ReleaseBorrowerPage, path = debugBar:content:contributors:3:contrib:link, type = org.apache.wicket.markup.html.link.BookmarkablePageLink, isVisible = true, isVersioned = true], children =  [Component id = img][Component id = data]]
20. [Component id = img, page = com.benjamin.erp.page.ReleaseBorrowerPage, path = debugBar:content:contributors:3:contrib:link:img, type = org.apache.wicket.markup.html.image.Image, isVisible = true, isVersioned = true]
21. [Component id = data, page = com.benjamin.erp.page.ReleaseBorrowerPage, path = debugBar:content:contributors:3:contrib:link:data, type = org.apache.wicket.markup.html.basic.Label, isVisible = true, isVersioned = true]
22. [Component id = removeImg, page = com.benjamin.erp.page.ReleaseBorrowerPage, path = debugBar:content:removeImg, type = org.apache.wicket.markup.html.image.Image, isVisible = true, isVersioned = true]

	at org.apache.wicket.Page.checkRendering(Page.java:663)
	at org.apache.wicket.Page.onAfterRender(Page.java:806)
	at org.apache.wicket.markup.html.WebPage.onAfterRender(WebPage.java:209)
	at org.apache.wicket.Component.afterRender(Component.java:897)
	at org.apache.wicket.Component.render(Component.java:2232)
	at org.apache.wicket.Page.renderPage(Page.java:998)
	at org.apache.wicket.request.handler.render.WebPageRenderer.renderPage(WebPageRenderer.java:124)
	at org.apache.wicket.request.handler.render.WebPageRenderer.respond(WebPageRenderer.java:236)
	at org.apache.wicket.util.tester.BaseWicketTester$LastPageRecordingPageRendererProvider$1.respond(BaseWicketTester.java:2833)
	at org.apache.wicket.core.request.handler.RenderPageRequestHandler.respond(RenderPageRequestHandler.java:202)
	at org.apache.wicket.request.cycle.RequestCycle$HandlerExecutor.respond(RequestCycle.java:912)
	at org.apache.wicket.request.RequestHandlerExecutor.execute(RequestHandlerExecutor.java:65)
	at org.apache.wicket.request.cycle.RequestCycle.execute(RequestCycle.java:283)
	at org.apache.wicket.request.cycle.RequestCycle.processRequest(RequestCycle.java:253)
	at org.apache.wicket.request.cycle.RequestCycle.processRequestAndDetach(RequestCycle.java:221)
	at org.apache.wicket.util.tester.BaseWicketTester.processRequest(BaseWicketTester.java:713)
	at org.apache.wicket.util.tester.BaseWicketTester.processRequest(BaseWicketTester.java:652)
	at org.apache.wicket.util.tester.BaseWicketTester.processRequest(BaseWicketTester.java:624)
	at org.apache.wicket.util.tester.BaseWicketTester.startPage(BaseWicketTester.java:1278)
	at org.apache.wicket.util.tester.BaseWicketTester.startPage(BaseWicketTester.java:1251)
	at org.benjamin.erp.test.BorrowerTest.tenderBorrower(BorrowerTest.java:42)
	at sun.reflect.NativeMethodAccessorImpl.invoke0(Native Method)
	at sun.reflect.NativeMethodAccessorImpl.invoke(NativeMethodAccessorImpl.java:62)
	at sun.reflect.DelegatingMethodAccessorImpl.invoke(DelegatingMethodAccessorImpl.java:43)
	at java.lang.reflect.Method.invoke(Method.java:498)
	at org.junit.runners.model.FrameworkMethod$1.runReflectiveCall(FrameworkMethod.java:50)
	at org.junit.internal.runners.model.ReflectiveCallable.run(ReflectiveCallable.java:12)
	at org.junit.runners.model.FrameworkMethod.invokeExplosively(FrameworkMethod.java:47)
	at org.junit.internal.runners.statements.InvokeMethod.evaluate(InvokeMethod.java:17)
	at org.junit.internal.runners.statements.RunBefores.evaluate(RunBefores.java:26)
	at org.springframework.test.context.junit4.statements.RunBeforeTestMethodCallbacks.evaluate(RunBeforeTestMethodCallbacks.java:75)
	at org.springframework.test.context.junit4.statements.RunAfterTestMethodCallbacks.evaluate(RunAfterTestMethodCallbacks.java:86)
	at org.springframework.test.context.junit4.statements.SpringRepeat.evaluate(SpringRepeat.java:84)
	at org.junit.runners.ParentRunner.runLeaf(ParentRunner.java:325)
	at org.springframework.test.context.junit4.SpringJUnit4ClassRunner.runChild(SpringJUnit4ClassRunner.java:252)
	at org.springframework.test.context.junit4.SpringJUnit4ClassRunner.runChild(SpringJUnit4ClassRunner.java:94)
	at org.junit.runners.ParentRunner$3.run(ParentRunner.java:290)
	at org.junit.runners.ParentRunner$1.schedule(ParentRunner.java:71)
	at org.junit.runners.ParentRunner.runChildren(ParentRunner.java:288)
	at org.junit.runners.ParentRunner.access$000(ParentRunner.java:58)
	at org.junit.runners.ParentRunner$2.evaluate(ParentRunner.java:268)
	at org.springframework.test.context.junit4.statements.RunBeforeTestClassCallbacks.evaluate(RunBeforeTestClassCallbacks.java:61)
	at org.springframework.test.context.junit4.statements.RunAfterTestClassCallbacks.evaluate(RunAfterTestClassCallbacks.java:70)
	at org.junit.runners.ParentRunner.run(ParentRunner.java:363)
	at org.springframework.test.context.junit4.SpringJUnit4ClassRunner.run(SpringJUnit4ClassRunner.java:191)
	at org.apache.maven.surefire.junit4.JUnit4Provider.execute(JUnit4Provider.java:252)
	at org.apache.maven.surefire.junit4.JUnit4Provider.executeTestSet(JUnit4Provider.java:141)
	at org.apache.maven.surefire.junit4.JUnit4Provider.invoke(JUnit4Provider.java:112)
	at sun.reflect.NativeMethodAccessorImpl.invoke0(Native Method)
	at sun.reflect.NativeMethodAccessorImpl.invoke(NativeMethodAccessorImpl.java:62)
	at sun.reflect.DelegatingMethodAccessorImpl.invoke(DelegatingMethodAccessorImpl.java:43)
	at java.lang.reflect.Method.invoke(Method.java:498)
	at org.apache.maven.surefire.util.ReflectionUtils.invokeMethodWithArray(ReflectionUtils.java:189)
	at org.apache.maven.surefire.booter.ProviderFactory$ProviderProxy.invoke(ProviderFactory.java:165)
	at org.apache.maven.surefire.booter.ProviderFactory.invokeProvider(ProviderFactory.java:85)
	at org.apache.maven.surefire.booter.ForkedBooter.runSuitesInProcess(ForkedBooter.java:115)
	at org.apache.maven.surefire.booter.ForkedBooter.main(ForkedBooter.java:75)
</error>
    <system-out>19:37:03.480 [main] DEBUG org.springframework.test.context.junit4.SpringJUnit4ClassRunner - SpringJUnit4ClassRunner constructor called with [class org.benjamin.erp.test.BorrowerTest]
19:37:03.487 [main] DEBUG org.springframework.test.context.BootstrapUtils - Instantiating CacheAwareContextLoaderDelegate from class [org.springframework.test.context.cache.DefaultCacheAwareContextLoaderDelegate]
19:37:03.496 [main] DEBUG org.springframework.test.context.BootstrapUtils - Instantiating BootstrapContext using constructor [public org.springframework.test.context.support.DefaultBootstrapContext(java.lang.Class,org.springframework.test.context.CacheAwareContextLoaderDelegate)]
19:37:03.506 [main] DEBUG org.springframework.test.context.BootstrapUtils - Instantiating TestContextBootstrapper for test class [org.benjamin.erp.test.BorrowerTest] from class [org.springframework.test.context.support.DefaultTestContextBootstrapper]
19:37:03.532 [main] DEBUG org.springframework.test.context.support.AbstractDelegatingSmartContextLoader - Delegating to AnnotationConfigContextLoader to process context configuration [ContextConfigurationAttributes@2173f6d9 declaringClass = &apos;org.benjamin.erp.test.BorrowerTest&apos;, classes = &apos;{class com.benjamin.erp.config.SpringApplicationContext}&apos;, locations = &apos;{}&apos;, inheritLocations = true, initializers = &apos;{}&apos;, inheritInitializers = true, name = [null], contextLoaderClass = &apos;org.springframework.test.context.ContextLoader&apos;].
19:37:03.552 [main] DEBUG org.springframework.test.context.support.ActiveProfilesUtils - Could not find an &apos;annotation declaring class&apos; for annotation type [org.springframework.test.context.ActiveProfiles] and class [org.benjamin.erp.test.BorrowerTest]
19:37:03.553 [main] DEBUG org.springframework.test.context.support.DefaultTestContextBootstrapper - @TestExecutionListeners is not present for class [org.benjamin.erp.test.BorrowerTest]: using defaults.
19:37:03.556 [main] INFO org.springframework.test.context.support.DefaultTestContextBootstrapper - Loaded default TestExecutionListener class names from location [META-INF/spring.factories]: [org.springframework.security.test.context.support.WithSecurityContextTestExecutionListener, org.springframework.test.context.web.ServletTestExecutionListener, org.springframework.test.context.support.DirtiesContextBeforeModesTestExecutionListener, org.springframework.test.context.support.DependencyInjectionTestExecutionListener, org.springframework.test.context.support.DirtiesContextTestExecutionListener, org.springframework.test.context.transaction.TransactionalTestExecutionListener, org.springframework.test.context.jdbc.SqlScriptsTestExecutionListener]
19:37:03.587 [main] INFO org.springframework.test.context.support.DefaultTestContextBootstrapper - Using TestExecutionListeners: [org.springframework.test.context.web.ServletTestExecutionListener@5204062d, org.springframework.test.context.support.DirtiesContextBeforeModesTestExecutionListener@4fcd19b3, org.springframework.test.context.support.DependencyInjectionTestExecutionListener@376b4233, org.springframework.test.context.support.DirtiesContextTestExecutionListener@2fd66ad3, org.springframework.test.context.transaction.TransactionalTestExecutionListener@5d11346a, org.springframework.test.context.jdbc.SqlScriptsTestExecutionListener@7a36aefa, org.springframework.security.test.context.support.WithSecurityContextTestExecutionListener@17211155]
19:37:03.590 [main] DEBUG org.springframework.test.annotation.ProfileValueUtils - Retrieved @ProfileValueSourceConfiguration [null] for test class [org.benjamin.erp.test.BorrowerTest]
19:37:03.590 [main] DEBUG org.springframework.test.annotation.ProfileValueUtils - Retrieved ProfileValueSource type [class org.springframework.test.annotation.SystemProfileValueSource] for class [org.benjamin.erp.test.BorrowerTest]
19:37:03.591 [main] DEBUG org.springframework.test.annotation.ProfileValueUtils - Retrieved @ProfileValueSourceConfiguration [null] for test class [org.benjamin.erp.test.BorrowerTest]
19:37:03.591 [main] DEBUG org.springframework.test.annotation.ProfileValueUtils - Retrieved ProfileValueSource type [class org.springframework.test.annotation.SystemProfileValueSource] for class [org.benjamin.erp.test.BorrowerTest]
19:37:03.594 [main] DEBUG org.springframework.test.context.support.AbstractDirtiesContextTestExecutionListener - Before test class: context [DefaultTestContext@16022d9d testClass = BorrowerTest, testInstance = [null], testMethod = [null], testException = [null], mergedContextConfiguration = [MergedContextConfiguration@7e9a5fbe testClass = BorrowerTest, locations = &apos;{}&apos;, classes = &apos;{class com.benjamin.erp.config.SpringApplicationContext}&apos;, contextInitializerClasses = &apos;[]&apos;, activeProfiles = &apos;{}&apos;, propertySourceLocations = &apos;{}&apos;, propertySourceProperties = &apos;{}&apos;, contextCustomizers = set[[empty]], contextLoader = &apos;org.springframework.test.context.support.DelegatingSmartContextLoader&apos;, parent = [null]]], class annotated with @DirtiesContext [false] with mode [null].
19:37:03.595 [main] DEBUG org.springframework.test.annotation.ProfileValueUtils - Retrieved @ProfileValueSourceConfiguration [null] for test class [org.benjamin.erp.test.BorrowerTest]
19:37:03.595 [main] DEBUG org.springframework.test.annotation.ProfileValueUtils - Retrieved ProfileValueSource type [class org.springframework.test.annotation.SystemProfileValueSource] for class [org.benjamin.erp.test.BorrowerTest]
19:37:04.057 [main] DEBUG org.springframework.test.context.support.DependencyInjectionTestExecutionListener - Performing dependency injection for test context [[DefaultTestContext@16022d9d testClass = BorrowerTest, testInstance = org.benjamin.erp.test.BorrowerTest@399c4be1, testMethod = [null], testException = [null], mergedContextConfiguration = [MergedContextConfiguration@7e9a5fbe testClass = BorrowerTest, locations = &apos;{}&apos;, classes = &apos;{class com.benjamin.erp.config.SpringApplicationContext}&apos;, contextInitializerClasses = &apos;[]&apos;, activeProfiles = &apos;{}&apos;, propertySourceLocations = &apos;{}&apos;, propertySourceProperties = &apos;{}&apos;, contextCustomizers = set[[empty]], contextLoader = &apos;org.springframework.test.context.support.DelegatingSmartContextLoader&apos;, parent = [null]]]].
19:37:04.058 [main] DEBUG org.springframework.test.context.support.AbstractDelegatingSmartContextLoader - Delegating to AnnotationConfigContextLoader to load context from [MergedContextConfiguration@7e9a5fbe testClass = BorrowerTest, locations = &apos;{}&apos;, classes = &apos;{class com.benjamin.erp.config.SpringApplicationContext}&apos;, contextInitializerClasses = &apos;[]&apos;, activeProfiles = &apos;{}&apos;, propertySourceLocations = &apos;{}&apos;, propertySourceProperties = &apos;{}&apos;, contextCustomizers = set[[empty]], contextLoader = &apos;org.springframework.test.context.support.DelegatingSmartContextLoader&apos;, parent = [null]].
19:37:04.058 [main] DEBUG org.springframework.test.context.support.AbstractGenericContextLoader - Loading ApplicationContext for merged context configuration [[MergedContextConfiguration@7e9a5fbe testClass = BorrowerTest, locations = &apos;{}&apos;, classes = &apos;{class com.benjamin.erp.config.SpringApplicationContext}&apos;, contextInitializerClasses = &apos;[]&apos;, activeProfiles = &apos;{}&apos;, propertySourceLocations = &apos;{}&apos;, propertySourceProperties = &apos;{}&apos;, contextCustomizers = set[[empty]], contextLoader = &apos;org.springframework.test.context.support.DelegatingSmartContextLoader&apos;, parent = [null]]].
19:37:04.113 [main] DEBUG org.springframework.core.env.StandardEnvironment - Adding PropertySource &apos;systemProperties&apos; with lowest search precedence
19:37:04.113 [main] DEBUG org.springframework.core.env.StandardEnvironment - Adding PropertySource &apos;systemEnvironment&apos; with lowest search precedence
19:37:04.113 [main] DEBUG org.springframework.core.env.StandardEnvironment - Initialized StandardEnvironment with PropertySources [MapPropertySource@1646464088 {name=&apos;systemProperties&apos;, properties={java.runtime.name=Java(TM) SE Runtime Environment, sun.boot.library.path=C:\Program Files\Java\jdk1.8.0_181\jre\bin, java.vm.version=25.181-b13, java.vm.vendor=Oracle Corporation, java.vendor.url=http://java.oracle.com/, path.separator=;, java.vm.name=Java HotSpot(TM) 64-Bit Server VM, file.encoding.pkg=sun.io, user.country=US, user.script=, sun.java.launcher=SUN_STANDARD, sun.os.patch.level=, java.vm.specification.name=Java Virtual Machine Specification, user.dir=C:\Users\xywenjie\git\erp\erp-loan, java.runtime.version=1.8.0_181-b13, basedir=C:\Users\xywenjie\git\erp\erp-loan, java.awt.graphicsenv=sun.awt.Win32GraphicsEnvironment, java.endorsed.dirs=C:\Program Files\Java\jdk1.8.0_181\jre\lib\endorsed, os.arch=amd64, surefire.real.class.path=C:\Users\xywenjie\git\erp\erp-loan\target\surefire\surefirebooter4361474128316300708.jar, java.io.tmpdir=C:\Users\xywenjie\AppData\Local\Temp\, line.separator=
, java.vm.specification.vendor=Oracle Corporation, user.variant=, os.name=Windows 10, sun.jnu.encoding=GBK, java.library.path=C:\Program Files\Java\jdk1.8.0_181\jre\bin;C:\WINDOWS\Sun\Java\bin;C:\WINDOWS\system32;C:\WINDOWS;C:\Program Files (x86)\NetSarang\Xftp 6\;C:\Program Files (x86)\Common Files\Oracle\Java\javapath;C:\WINDOWS\system32;C:\WINDOWS;C:\WINDOWS\System32\Wbem;C:\WINDOWS\System32\WindowsPowerShell\v1.0\;C:\WINDOWS\System32\OpenSSH\;D:\Program Files\Apache\maven\bin\;C:\Program Files\Git\cmd;C:\Users\xywenjie\AppData\Local\Microsoft\WindowsApps;C:\Users\xywenjie\AppData\Local\atom\bin;., surefire.test.class.path=C:\Users\xywenjie\git\erp\erp-loan\target\test-classes;C:\Users\xywenjie\git\erp\erp-loan\target\classes;C:\Users\xywenjie\git\erp\erp-web-basic\target\erp.jar;C:\Users\xywenjie\.m2\repository\org\wicketstuff\wicketstuff-shiro\8.2.0\wicketstuff-shiro-8.2.0.jar;C:\Users\xywenjie\.m2\repository\org\apache\shiro\shiro-core\1.4.0\shiro-core-1.4.0.jar;C:\Users\xywenjie\.m2\repository\org\apache\shiro\shiro-lang\1.4.0\shiro-lang-1.4.0.jar;C:\Users\xywenjie\.m2\repository\org\apache\shiro\shiro-cache\1.4.0\shiro-cache-1.4.0.jar;C:\Users\xywenjie\.m2\repository\org\apache\shiro\shiro-crypto-hash\1.4.0\shiro-crypto-hash-1.4.0.jar;C:\Users\xywenjie\.m2\repository\org\apache\shiro\shiro-crypto-core\1.4.0\shiro-crypto-core-1.4.0.jar;C:\Users\xywenjie\.m2\repository\org\apache\shiro\shiro-crypto-cipher\1.4.0\shiro-crypto-cipher-1.4.0.jar;C:\Users\xywenjie\.m2\repository\org\apache\shiro\shiro-config-core\1.4.0\shiro-config-core-1.4.0.jar;C:\Users\xywenjie\.m2\repository\org\apache\shiro\shiro-config-ogdl\1.4.0\shiro-config-ogdl-1.4.0.jar;C:\Users\xywenjie\.m2\repository\commons-beanutils\commons-beanutils\1.9.3\commons-beanutils-1.9.3.jar;C:\Users\xywenjie\.m2\repository\commons-collections\commons-collections\3.2.2\commons-collections-3.2.2.jar;C:\Users\xywenjie\.m2\repository\org\apache\shiro\shiro-event\1.4.0\shiro-event-1.4.0.jar;C:\Users\xywenjie\.m2\repository\org\apache\shiro\shiro-web\1.4.0\shiro-web-1.4.0.jar;C:\Users\xywenjie\.m2\repository\org\wicketstuff\wicketstuff-annotation\8.2.0\wicketstuff-annotation-8.2.0.jar;C:\Users\xywenjie\.m2\repository\org\apache\shiro\shiro-spring\1.4.0\shiro-spring-1.4.0.jar;C:\Users\xywenjie\.m2\repository\org\webjars\npm\icheck\1.0.2\icheck-1.0.2.jar;C:\Users\xywenjie\.m2\repository\org\webjars\ionicons\2.0.1\ionicons-2.0.1.jar;C:\Users\xywenjie\.m2\repository\org\webjars\bower\bootstrap-fileinput\4.5.2\bootstrap-fileinput-4.5.2.jar;C:\Users\xywenjie\.m2\repository\org\webjars\jquery-ui\1.12.1\jquery-ui-1.12.1.jar;C:\Users\xywenjie\.m2\repository\org\apache\wicket\wicket-core\8.2.0\wicket-core-8.2.0.jar;C:\Users\xywenjie\.m2\repository\com\github\openjson\openjson\1.0.8\openjson-1.0.8.jar;C:\Users\xywenjie\.m2\repository\org\apache\wicket\wicket-request\8.2.0\wicket-request-8.2.0.jar;C:\Users\xywenjie\.m2\repository\org\apache\wicket\wicket-util\8.2.0\wicket-util-8.2.0.jar;C:\Users\xywenjie\.m2\repository\org\apache\commons\commons-collections4\4.1\commons-collections4-4.1.jar;C:\Users\xywenjie\.m2\repository\org\danekja\jdk-serializable-functional\1.8.3\jdk-serializable-functional-1.8.3.jar;C:\Users\xywenjie\.m2\repository\org\slf4j\slf4j-api\1.7.25\slf4j-api-1.7.25.jar;C:\Users\xywenjie\.m2\repository\org\apache\wicket\wicket-bean-validation\8.2.0\wicket-bean-validation-8.2.0.jar;C:\Users\xywenjie\.m2\repository\org\apache\wicket\wicket-auth-roles\8.2.0\wicket-auth-roles-8.2.0.jar;C:\Users\xywenjie\.m2\repository\org\apache\wicket\wicket-devutils\8.2.0\wicket-devutils-8.2.0.jar;C:\Users\xywenjie\.m2\repository\org\apache\wicket\wicket-spring\8.2.0\wicket-spring-8.2.0.jar;C:\Users\xywenjie\.m2\repository\org\apache\wicket\wicket-ioc\8.2.0\wicket-ioc-8.2.0.jar;C:\Users\xywenjie\.m2\repository\cglib\cglib\3.2.6\cglib-3.2.6.jar;C:\Users\xywenjie\.m2\repository\org\apache\ant\ant\1.9.6\ant-1.9.6.jar;C:\Users\xywenjie\.m2\repository\org\apache\ant\ant-launcher\1.9.6\ant-launcher-1.9.6.jar;C:\Users\xywenjie\.m2\repository\org\ow2\asm\asm-util\6.2\asm-util-6.2.jar;C:\Users\xywenjie\.m2\repository\org\ow2\asm\asm\6.2\asm-6.2.jar;C:\Users\xywenjie\.m2\repository\org\ow2\asm\asm-tree\6.2\asm-tree-6.2.jar;C:\Users\xywenjie\.m2\repository\org\ow2\asm\asm-analysis\6.2\asm-analysis-6.2.jar;C:\Users\xywenjie\.m2\repository\org\apache\wicket\wicket-extensions\8.2.0\wicket-extensions-8.2.0.jar;C:\Users\xywenjie\.m2\repository\de\agilecoders\wicket\webjars\wicket-webjars\2.0.8\wicket-webjars-2.0.8.jar;C:\Users\xywenjie\.m2\repository\org\webjars\jquery\1.11.0\jquery-1.11.0.jar;C:\Users\xywenjie\.m2\repository\org\webjars\bootstrap\3.3.7-1\bootstrap-3.3.7-1.jar;C:\Users\xywenjie\.m2\repository\org\webjars\font-awesome\4.7.0\font-awesome-4.7.0.jar;C:\Users\xywenjie\.m2\repository\org\webjars\bower\jquery-icheck\1.0.2\jquery-icheck-1.0.2.jar;C:\Users\xywenjie\.m2\repository\org\webjars\bower\jquery\3.4.0\jquery-3.4.0.jar;C:\Users\xywenjie\.m2\repository\org\liquibase\liquibase-core\3.6.2\liquibase-core-3.6.2.jar;C:\Users\xywenjie\.m2\repository\org\yaml\snakeyaml\1.18\snakeyaml-1.18.jar;C:\Users\xywenjie\.m2\repository\ch\qos\logback\logback-classic\1.2.3\logback-classic-1.2.3.jar;C:\Users\xywenjie\.m2\repository\ch\qos\logback\logback-core\1.2.3\logback-core-1.2.3.jar;C:\Users\xywenjie\.m2\repository\com\querydsl\querydsl-jpa\4.2.1\querydsl-jpa-4.2.1.jar;C:\Users\xywenjie\.m2\repository\com\querydsl\querydsl-core\4.2.1\querydsl-core-4.2.1.jar;C:\Users\xywenjie\.m2\repository\com\google\code\findbugs\jsr305\1.3.9\jsr305-1.3.9.jar;C:\Users\xywenjie\.m2\repository\com\mysema\commons\mysema-commons-lang\0.2.4\mysema-commons-lang-0.2.4.jar;C:\Users\xywenjie\.m2\repository\com\infradna\tool\bridge-method-annotation\1.13\bridge-method-annotation-1.13.jar;C:\Users\xywenjie\.m2\repository\javax\inject\javax.inject\1\javax.inject-1.jar;C:\Users\xywenjie\.m2\repository\org\seleniumhq\selenium\selenium-firefox-driver\3.14.0\selenium-firefox-driver-3.14.0.jar;C:\Users\xywenjie\.m2\repository\org\seleniumhq\selenium\selenium-api\3.14.0\selenium-api-3.14.0.jar;C:\Users\xywenjie\.m2\repository\org\seleniumhq\selenium\selenium-remote-driver\3.14.0\selenium-remote-driver-3.14.0.jar;C:\Users\xywenjie\.m2\repository\net\bytebuddy\byte-buddy\1.8.15\byte-buddy-1.8.15.jar;C:\Users\xywenjie\.m2\repository\org\apache\commons\commons-exec\1.3\commons-exec-1.3.jar;C:\Users\xywenjie\.m2\repository\commons-logging\commons-logging\1.2\commons-logging-1.2.jar;C:\Users\xywenjie\.m2\repository\com\google\guava\guava\25.0-jre\guava-25.0-jre.jar;C:\Users\xywenjie\.m2\repository\org\checkerframework\checker-compat-qual\2.0.0\checker-compat-qual-2.0.0.jar;C:\Users\xywenjie\.m2\repository\com\google\errorprone\error_prone_annotations\2.1.3\error_prone_annotations-2.1.3.jar;C:\Users\xywenjie\.m2\repository\com\google\j2objc\j2objc-annotations\1.1\j2objc-annotations-1.1.jar;C:\Users\xywenjie\.m2\repository\org\codehaus\mojo\animal-sniffer-annotations\1.14\animal-sniffer-annotations-1.14.jar;C:\Users\xywenjie\.m2\repository\org\apache\httpcomponents\httpcore\4.4.9\httpcore-4.4.9.jar;C:\Users\xywenjie\.m2\repository\com\squareup\okhttp3\okhttp\3.10.0\okhttp-3.10.0.jar;C:\Users\xywenjie\.m2\repository\com\squareup\okio\okio\1.14.1\okio-1.14.1.jar;C:\Users\xywenjie\.m2\repository\org\seleniumhq\selenium\selenium-htmlunit-driver\2.32.0\selenium-htmlunit-driver-2.32.0.jar;C:\Users\xywenjie\.m2\repository\net\sourceforge\htmlunit\htmlunit\2.32\htmlunit-2.32.jar;C:\Users\xywenjie\.m2\repository\xalan\xalan\2.7.2\xalan-2.7.2.jar;C:\Users\xywenjie\.m2\repository\xalan\serializer\2.7.2\serializer-2.7.2.jar;C:\Users\xywenjie\.m2\repository\org\apache\commons\commons-lang3\3.7\commons-lang3-3.7.jar;C:\Users\xywenjie\.m2\repository\org\apache\commons\commons-text\1.4\commons-text-1.4.jar;C:\Users\xywenjie\.m2\repository\org\apache\httpcomponents\httpmime\4.5.6\httpmime-4.5.6.jar;C:\Users\xywenjie\.m2\repository\net\sourceforge\htmlunit\htmlunit-core-js\2.32\htmlunit-core-js-2.32.jar;C:\Users\xywenjie\.m2\repository\net\sourceforge\htmlunit\neko-htmlunit\2.32\neko-htmlunit-2.32.jar;C:\Users\xywenjie\.m2\repository\xerces\xercesImpl\2.11.0\xercesImpl-2.11.0.jar;C:\Users\xywenjie\.m2\repository\net\sourceforge\htmlunit\htmlunit-cssparser\1.1.0\htmlunit-cssparser-1.1.0.jar;C:\Users\xywenjie\.m2\repository\commons-net\commons-net\3.6\commons-net-3.6.jar;C:\Users\xywenjie\.m2\repository\org\eclipse\jetty\websocket\websocket-client\9.4.11.v20180605\websocket-client-9.4.11.v20180605.jar;C:\Users\xywenjie\.m2\repository\org\eclipse\jetty\jetty-client\9.4.11.v20180605\jetty-client-9.4.11.v20180605.jar;C:\Users\xywenjie\.m2\repository\org\eclipse\jetty\jetty-http\9.4.11.v20180605\jetty-http-9.4.11.v20180605.jar;C:\Users\xywenjie\.m2\repository\org\eclipse\jetty\jetty-xml\9.4.11.v20180605\jetty-xml-9.4.11.v20180605.jar;C:\Users\xywenjie\.m2\repository\org\eclipse\jetty\jetty-util\9.4.11.v20180605\jetty-util-9.4.11.v20180605.jar;C:\Users\xywenjie\.m2\repository\org\eclipse\jetty\jetty-io\9.4.11.v20180605\jetty-io-9.4.11.v20180605.jar;C:\Users\xywenjie\.m2\repository\org\eclipse\jetty\websocket\websocket-common\9.4.11.v20180605\websocket-common-9.4.11.v20180605.jar;C:\Users\xywenjie\.m2\repository\org\eclipse\jetty\websocket\websocket-api\9.4.11.v20180605\websocket-api-9.4.11.v20180605.jar;C:\Users\xywenjie\.m2\repository\xml-apis\xml-apis\1.4.01\xml-apis-1.4.01.jar;C:\Users\xywenjie\.m2\repository\org\springframework\security\spring-security-test\4.2.7.RELEASE\spring-security-test-4.2.7.RELEASE.jar;C:\Users\xywenjie\.m2\repository\org\springframework\spring-core\4.3.18.RELEASE\spring-core-4.3.18.RELEASE.jar;C:\Users\xywenjie\.m2\repository\org\springframework\hateoas\spring-hateoas\0.25.0.RELEASE\spring-hateoas-0.25.0.RELEASE.jar;C:\Users\xywenjie\.m2\repository\org\springframework\spring-aop\4.3.18.RELEASE\spring-aop-4.3.18.RELEASE.jar;C:\Users\xywenjie\.m2\repository\org\springframework\spring-beans\4.3.18.RELEASE\spring-beans-4.3.18.RELEASE.jar;C:\Users\xywenjie\.m2\repository\org\springframework\spring-context\4.3.18.RELEASE\spring-context-4.3.18.RELEASE.jar;C:\Users\xywenjie\.m2\repository\org\springframework\spring-web\4.3.18.RELEASE\spring-web-4.3.18.RELEASE.jar;C:\Users\xywenjie\.m2\repository\org\apache\tomcat\tomcat-catalina\8.0.48\tomcat-catalina-8.0.48.jar;C:\Users\xywenjie\.m2\repository\org\apache\tomcat\tomcat-servlet-api\8.0.48\tomcat-servlet-api-8.0.48.jar;C:\Users\xywenjie\.m2\repository\org\apache\tomcat\tomcat-jsp-api\8.0.48\tomcat-jsp-api-8.0.48.jar;C:\Users\xywenjie\.m2\repository\org\apache\tomcat\tomcat-el-api\8.0.48\tomcat-el-api-8.0.48.jar;C:\Users\xywenjie\.m2\repository\org\apache\tomcat\tomcat-juli\8.0.48\tomcat-juli-8.0.48.jar;C:\Users\xywenjie\.m2\repository\org\apache\tomcat\tomcat-annotations-api\8.0.48\tomcat-annotations-api-8.0.48.jar;C:\Users\xywenjie\.m2\repository\org\apache\tomcat\tomcat-api\8.0.48\tomcat-api-8.0.48.jar;C:\Users\xywenjie\.m2\repository\org\apache\tomcat\tomcat-jni\8.0.48\tomcat-jni-8.0.48.jar;C:\Users\xywenjie\.m2\repository\org\apache\tomcat\tomcat-coyote\8.0.48\tomcat-coyote-8.0.48.jar;C:\Users\xywenjie\.m2\repository\org\apache\tomcat\tomcat-util\8.0.48\tomcat-util-8.0.48.jar;C:\Users\xywenjie\.m2\repository\org\apache\tomcat\tomcat-util-scan\8.0.48\tomcat-util-scan-8.0.48.jar;C:\Users\xywenjie\.m2\repository\org\thymeleaf\thymeleaf-spring4\3.0.9.RELEASE\thymeleaf-spring4-3.0.9.RELEASE.jar;C:\Users\xywenjie\.m2\repository\org\thymeleaf\thymeleaf\3.0.9.RELEASE\thymeleaf-3.0.9.RELEASE.jar;C:\Users\xywenjie\.m2\repository\org\attoparser\attoparser\2.0.4.RELEASE\attoparser-2.0.4.RELEASE.jar;C:\Users\xywenjie\.m2\repository\org\unbescape\unbescape\1.1.5.RELEASE\unbescape-1.1.5.RELEASE.jar;C:\Users\xywenjie\.m2\repository\org\apache\httpcomponents\httpclient\4.5.6\httpclient-4.5.6.jar;C:\Users\xywenjie\.m2\repository\junit\junit\4.12\junit-4.12.jar;C:\Users\xywenjie\.m2\repository\org\hamcrest\hamcrest-core\1.3\hamcrest-core-1.3.jar;C:\Users\xywenjie\.m2\repository\org\springframework\spring-webmvc\4.3.18.RELEASE\spring-webmvc-4.3.18.RELEASE.jar;C:\Users\xywenjie\.m2\repository\org\springframework\spring-expression\4.3.18.RELEASE\spring-expression-4.3.18.RELEASE.jar;C:\Users\xywenjie\.m2\repository\org\springframework\spring-test\4.3.18.RELEASE\spring-test-4.3.18.RELEASE.jar;C:\Users\xywenjie\.m2\repository\org\springframework\spring-tx\4.3.18.RELEASE\spring-tx-4.3.18.RELEASE.jar;C:\Users\xywenjie\.m2\repository\org\springframework\security\spring-security-core\4.2.7.RELEASE\spring-security-core-4.2.7.RELEASE.jar;C:\Users\xywenjie\.m2\repository\aopalliance\aopalliance\1.0\aopalliance-1.0.jar;C:\Users\xywenjie\.m2\repository\org\springframework\security\spring-security-web\4.2.7.RELEASE\spring-security-web-4.2.7.RELEASE.jar;C:\Users\xywenjie\.m2\repository\org\springframework\security\spring-security-config\4.2.7.RELEASE\spring-security-config-4.2.7.RELEASE.jar;C:\Users\xywenjie\.m2\repository\org\springframework\webflow\spring-webflow\2.5.0.RELEASE\spring-webflow-2.5.0.RELEASE.jar;C:\Users\xywenjie\.m2\repository\org\springframework\webflow\spring-binding\2.5.0.RELEASE\spring-binding-2.5.0.RELEASE.jar;C:\Users\xywenjie\.m2\repository\org\apache\tiles\tiles-jsp\3.0.8\tiles-jsp-3.0.8.jar;C:\Users\xywenjie\.m2\repository\org\apache\tiles\tiles-servlet\3.0.8\tiles-servlet-3.0.8.jar;C:\Users\xywenjie\.m2\repository\org\apache\tiles\tiles-core\3.0.8\tiles-core-3.0.8.jar;C:\Users\xywenjie\.m2\repository\commons-digester\commons-digester\2.0\commons-digester-2.0.jar;C:\Users\xywenjie\.m2\repository\org\apache\tiles\tiles-request-servlet\1.0.7\tiles-request-servlet-1.0.7.jar;C:\Users\xywenjie\.m2\repository\org\apache\tiles\tiles-template\3.0.8\tiles-template-3.0.8.jar;C:\Users\xywenjie\.m2\repository\org\apache\tiles\tiles-api\3.0.8\tiles-api-3.0.8.jar;C:\Users\xywenjie\.m2\repository\org\apache\tiles\tiles-autotag-core-runtime\1.2\tiles-autotag-core-runtime-1.2.jar;C:\Users\xywenjie\.m2\repository\org\apache\tiles\tiles-request-jsp\1.0.7\tiles-request-jsp-1.0.7.jar;C:\Users\xywenjie\.m2\repository\org\apache\tiles\tiles-request-api\1.0.7\tiles-request-api-1.0.7.jar;C:\Users\xywenjie\.m2\repository\org\activiti\activiti-engine\5.22.0\activiti-engine-5.22.0.jar;C:\Users\xywenjie\.m2\repository\org\activiti\activiti-bpmn-converter\5.22.0\activiti-bpmn-converter-5.22.0.jar;C:\Users\xywenjie\.m2\repository\org\activiti\activiti-bpmn-model\5.22.0\activiti-bpmn-model-5.22.0.jar;C:\Users\xywenjie\.m2\repository\org\activiti\activiti-process-validation\5.22.0\activiti-process-validation-5.22.0.jar;C:\Users\xywenjie\.m2\repository\org\activiti\activiti-image-generator\5.22.0\activiti-image-generator-5.22.0.jar;C:\Users\xywenjie\.m2\repository\org\apache\commons\commons-email\1.4\commons-email-1.4.jar;C:\Users\xywenjie\.m2\repository\com\sun\mail\javax.mail\1.5.2\javax.mail-1.5.2.jar;C:\Users\xywenjie\.m2\repository\javax\activation\activation\1.1.1\activation-1.1.1.jar;C:\Users\xywenjie\.m2\repository\org\mybatis\mybatis\3.3.0\mybatis-3.3.0.jar;C:\Users\xywenjie\.m2\repository\joda-time\joda-time\2.6\joda-time-2.6.jar;C:\Users\xywenjie\.m2\repository\org\slf4j\jcl-over-slf4j\1.7.6\jcl-over-slf4j-1.7.6.jar;C:\Users\xywenjie\.m2\repository\org\activiti\activiti-spring\5.22.0\activiti-spring-5.22.0.jar;C:\Users\xywenjie\.m2\repository\org\springframework\spring-jdbc\4.1.5.RELEASE\spring-jdbc-4.1.5.RELEASE.jar;C:\Users\xywenjie\.m2\repository\org\springframework\spring-orm\4.1.5.RELEASE\spring-orm-4.1.5.RELEASE.jar;C:\Users\xywenjie\.m2\repository\commons-dbcp\commons-dbcp\1.4\commons-dbcp-1.4.jar;C:\Users\xywenjie\.m2\repository\commons-pool\commons-pool\1.5.4\commons-pool-1.5.4.jar;C:\Users\xywenjie\.m2\repository\org\hibernate\hibernate-entitymanager\4.3.11.Final\hibernate-entitymanager-4.3.11.Final.jar;C:\Users\xywenjie\.m2\repository\org\jboss\logging\jboss-logging-annotations\1.2.0.Beta1\jboss-logging-annotations-1.2.0.Beta1.jar;C:\Users\xywenjie\.m2\repository\org\hibernate\hibernate-core\4.3.11.Final\hibernate-core-4.3.11.Final.jar;C:\Users\xywenjie\.m2\repository\antlr\antlr\2.7.7\antlr-2.7.7.jar;C:\Users\xywenjie\.m2\repository\org\jboss\jandex\1.1.0.Final\jandex-1.1.0.Final.jar;C:\Users\xywenjie\.m2\repository\dom4j\dom4j\1.6.1\dom4j-1.6.1.jar;C:\Users\xywenjie\.m2\repository\org\hibernate\common\hibernate-commons-annotations\4.0.5.Final\hibernate-commons-annotations-4.0.5.Final.jar;C:\Users\xywenjie\.m2\repository\org\hibernate\javax\persistence\hibernate-jpa-2.1-api\1.0.0.Final\hibernate-jpa-2.1-api-1.0.0.Final.jar;C:\Users\xywenjie\.m2\repository\org\jboss\spec\javax\transaction\jboss-transaction-api_1.2_spec\1.0.0.Final\jboss-transaction-api_1.2_spec-1.0.0.Final.jar;C:\Users\xywenjie\.m2\repository\org\javassist\javassist\3.18.1-GA\javassist-3.18.1-GA.jar;C:\Users\xywenjie\.m2\repository\org\hibernate\validator\hibernate-validator\6.0.13.Final\hibernate-validator-6.0.13.Final.jar;C:\Users\xywenjie\.m2\repository\javax\validation\validation-api\2.0.1.Final\validation-api-2.0.1.Final.jar;C:\Users\xywenjie\.m2\repository\com\fasterxml\classmate\1.3.4\classmate-1.3.4.jar;C:\Users\xywenjie\.m2\repository\org\jboss\logging\jboss-logging\3.3.2.Final\jboss-logging-3.3.2.Final.jar;C:\Users\xywenjie\.m2\repository\org\springframework\data\spring-data-jpa\1.11.6.RELEASE\spring-data-jpa-1.11.6.RELEASE.jar;C:\Users\xywenjie\.m2\repository\org\springframework\data\spring-data-commons\1.13.6.RELEASE\spring-data-commons-1.13.6.RELEASE.jar;C:\Users\xywenjie\.m2\repository\org\aspectj\aspectjrt\1.8.10\aspectjrt-1.8.10.jar;C:\Users\xywenjie\.m2\repository\org\apache\logging\log4j\log4j-core\2.11.0\log4j-core-2.11.0.jar;C:\Users\xywenjie\.m2\repository\org\apache\logging\log4j\log4j-api\2.11.0\log4j-api-2.11.0.jar;C:\Users\xywenjie\.m2\repository\org\apache\logging\log4j\log4j-slf4j-impl\2.11.0\log4j-slf4j-impl-2.11.0.jar;C:\Users\xywenjie\.m2\repository\javax\servlet\jstl\1.2\jstl-1.2.jar;C:\Users\xywenjie\.m2\repository\org\glassfish\web\jstl-impl\1.2\jstl-impl-1.2.jar;C:\Users\xywenjie\.m2\repository\javax\servlet\servlet-api\2.5\servlet-api-2.5.jar;C:\Users\xywenjie\.m2\repository\javax\servlet\jsp\jsp-api\2.1\jsp-api-2.1.jar;C:\Users\xywenjie\.m2\repository\javax\servlet\jsp\jstl\jstl-api\1.2\jstl-api-1.2.jar;C:\Users\xywenjie\.m2\repository\org\apache\commons\commons-dbcp2\2.1.1\commons-dbcp2-2.1.1.jar;C:\Users\xywenjie\.m2\repository\org\apache\commons\commons-pool2\2.4.2\commons-pool2-2.4.2.jar;C:\Users\xywenjie\.m2\repository\commons-codec\commons-codec\1.11\commons-codec-1.11.jar;C:\Users\xywenjie\.m2\repository\commons-io\commons-io\2.6\commons-io-2.6.jar;C:\Users\xywenjie\.m2\repository\commons-fileupload\commons-fileupload\1.3.3\commons-fileupload-1.3.3.jar;C:\Users\xywenjie\.m2\repository\com\fasterxml\jackson\core\jackson-core\2.9.5\jackson-core-2.9.5.jar;C:\Users\xywenjie\.m2\repository\com\fasterxml\jackson\core\jackson-databind\2.9.5\jackson-databind-2.9.5.jar;C:\Users\xywenjie\.m2\repository\com\fasterxml\jackson\core\jackson-annotations\2.9.5\jackson-annotations-2.9.5.jar;C:\Users\xywenjie\.m2\repository\mysql\mysql-connector-java\5.1.41\mysql-connector-java-5.1.41.jar;, java.specification.name=Java Platform API Specification, java.class.version=52.0, sun.management.compiler=HotSpot 64-Bit Tiered Compilers, os.version=10.0, user.home=C:\Users\xywenjie, user.timezone=Asia/Shanghai, java.awt.printerjob=sun.awt.windows.WPrinterJob, file.encoding=GBK, java.specification.version=1.8, java.class.path=C:\Users\xywenjie\git\erp\erp-loan\target\test-classes;C:\Users\xywenjie\git\erp\erp-loan\target\classes;C:\Users\xywenjie\git\erp\erp-web-basic\target\erp.jar;C:\Users\xywenjie\.m2\repository\org\wicketstuff\wicketstuff-shiro\8.2.0\wicketstuff-shiro-8.2.0.jar;C:\Users\xywenjie\.m2\repository\org\apache\shiro\shiro-core\1.4.0\shiro-core-1.4.0.jar;C:\Users\xywenjie\.m2\repository\org\apache\shiro\shiro-lang\1.4.0\shiro-lang-1.4.0.jar;C:\Users\xywenjie\.m2\repository\org\apache\shiro\shiro-cache\1.4.0\shiro-cache-1.4.0.jar;C:\Users\xywenjie\.m2\repository\org\apache\shiro\shiro-crypto-hash\1.4.0\shiro-crypto-hash-1.4.0.jar;C:\Users\xywenjie\.m2\repository\org\apache\shiro\shiro-crypto-core\1.4.0\shiro-crypto-core-1.4.0.jar;C:\Users\xywenjie\.m2\repository\org\apache\shiro\shiro-crypto-cipher\1.4.0\shiro-crypto-cipher-1.4.0.jar;C:\Users\xywenjie\.m2\repository\org\apache\shiro\shiro-config-core\1.4.0\shiro-config-core-1.4.0.jar;C:\Users\xywenjie\.m2\repository\org\apache\shiro\shiro-config-ogdl\1.4.0\shiro-config-ogdl-1.4.0.jar;C:\Users\xywenjie\.m2\repository\commons-beanutils\commons-beanutils\1.9.3\commons-beanutils-1.9.3.jar;C:\Users\xywenjie\.m2\repository\commons-collections\commons-collections\3.2.2\commons-collections-3.2.2.jar;C:\Users\xywenjie\.m2\repository\org\apache\shiro\shiro-event\1.4.0\shiro-event-1.4.0.jar;C:\Users\xywenjie\.m2\repository\org\apache\shiro\shiro-web\1.4.0\shiro-web-1.4.0.jar;C:\Users\xywenjie\.m2\repository\org\wicketstuff\wicketstuff-annotation\8.2.0\wicketstuff-annotation-8.2.0.jar;C:\Users\xywenjie\.m2\repository\org\apache\shiro\shiro-spring\1.4.0\shiro-spring-1.4.0.jar;C:\Users\xywenjie\.m2\repository\org\webjars\npm\icheck\1.0.2\icheck-1.0.2.jar;C:\Users\xywenjie\.m2\repository\org\webjars\ionicons\2.0.1\ionicons-2.0.1.jar;C:\Users\xywenjie\.m2\repository\org\webjars\bower\bootstrap-fileinput\4.5.2\bootstrap-fileinput-4.5.2.jar;C:\Users\xywenjie\.m2\repository\org\webjars\jquery-ui\1.12.1\jquery-ui-1.12.1.jar;C:\Users\xywenjie\.m2\repository\org\apache\wicket\wicket-core\8.2.0\wicket-core-8.2.0.jar;C:\Users\xywenjie\.m2\repository\com\github\openjson\openjson\1.0.8\openjson-1.0.8.jar;C:\Users\xywenjie\.m2\repository\org\apache\wicket\wicket-request\8.2.0\wicket-request-8.2.0.jar;C:\Users\xywenjie\.m2\repository\org\apache\wicket\wicket-util\8.2.0\wicket-util-8.2.0.jar;C:\Users\xywenjie\.m2\repository\org\apache\commons\commons-collections4\4.1\commons-collections4-4.1.jar;C:\Users\xywenjie\.m2\repository\org\danekja\jdk-serializable-functional\1.8.3\jdk-serializable-functional-1.8.3.jar;C:\Users\xywenjie\.m2\repository\org\slf4j\slf4j-api\1.7.25\slf4j-api-1.7.25.jar;C:\Users\xywenjie\.m2\repository\org\apache\wicket\wicket-bean-validation\8.2.0\wicket-bean-validation-8.2.0.jar;C:\Users\xywenjie\.m2\repository\org\apache\wicket\wicket-auth-roles\8.2.0\wicket-auth-roles-8.2.0.jar;C:\Users\xywenjie\.m2\repository\org\apache\wicket\wicket-devutils\8.2.0\wicket-devutils-8.2.0.jar;C:\Users\xywenjie\.m2\repository\org\apache\wicket\wicket-spring\8.2.0\wicket-spring-8.2.0.jar;C:\Users\xywenjie\.m2\repository\org\apache\wicket\wicket-ioc\8.2.0\wicket-ioc-8.2.0.jar;C:\Users\xywenjie\.m2\repository\cglib\cglib\3.2.6\cglib-3.2.6.jar;C:\Users\xywenjie\.m2\repository\org\apache\ant\ant\1.9.6\ant-1.9.6.jar;C:\Users\xywenjie\.m2\repository\org\apache\ant\ant-launcher\1.9.6\ant-launcher-1.9.6.jar;C:\Users\xywenjie\.m2\repository\org\ow2\asm\asm-util\6.2\asm-util-6.2.jar;C:\Users\xywenjie\.m2\repository\org\ow2\asm\asm\6.2\asm-6.2.jar;C:\Users\xywenjie\.m2\repository\org\ow2\asm\asm-tree\6.2\asm-tree-6.2.jar;C:\Users\xywenjie\.m2\repository\org\ow2\asm\asm-analysis\6.2\asm-analysis-6.2.jar;C:\Users\xywenjie\.m2\repository\org\apache\wicket\wicket-extensions\8.2.0\wicket-extensions-8.2.0.jar;C:\Users\xywenjie\.m2\repository\de\agilecoders\wicket\webjars\wicket-webjars\2.0.8\wicket-webjars-2.0.8.jar;C:\Users\xywenjie\.m2\repository\org\webjars\jquery\1.11.0\jquery-1.11.0.jar;C:\Users\xywenjie\.m2\repository\org\webjars\bootstrap\3.3.7-1\bootstrap-3.3.7-1.jar;C:\Users\xywenjie\.m2\repository\org\webjars\font-awesome\4.7.0\font-awesome-4.7.0.jar;C:\Users\xywenjie\.m2\repository\org\webjars\bower\jquery-icheck\1.0.2\jquery-icheck-1.0.2.jar;C:\Users\xywenjie\.m2\repository\org\webjars\bower\jquery\3.4.0\jquery-3.4.0.jar;C:\Users\xywenjie\.m2\repository\org\liquibase\liquibase-core\3.6.2\liquibase-core-3.6.2.jar;C:\Users\xywenjie\.m2\repository\org\yaml\snakeyaml\1.18\snakeyaml-1.18.jar;C:\Users\xywenjie\.m2\repository\ch\qos\logback\logback-classic\1.2.3\logback-classic-1.2.3.jar;C:\Users\xywenjie\.m2\repository\ch\qos\logback\logback-core\1.2.3\logback-core-1.2.3.jar;C:\Users\xywenjie\.m2\repository\com\querydsl\querydsl-jpa\4.2.1\querydsl-jpa-4.2.1.jar;C:\Users\xywenjie\.m2\repository\com\querydsl\querydsl-core\4.2.1\querydsl-core-4.2.1.jar;C:\Users\xywenjie\.m2\repository\com\google\code\findbugs\jsr305\1.3.9\jsr305-1.3.9.jar;C:\Users\xywenjie\.m2\repository\com\mysema\commons\mysema-commons-lang\0.2.4\mysema-commons-lang-0.2.4.jar;C:\Users\xywenjie\.m2\repository\com\infradna\tool\bridge-method-annotation\1.13\bridge-method-annotation-1.13.jar;C:\Users\xywenjie\.m2\repository\javax\inject\javax.inject\1\javax.inject-1.jar;C:\Users\xywenjie\.m2\repository\org\seleniumhq\selenium\selenium-firefox-driver\3.14.0\selenium-firefox-driver-3.14.0.jar;C:\Users\xywenjie\.m2\repository\org\seleniumhq\selenium\selenium-api\3.14.0\selenium-api-3.14.0.jar;C:\Users\xywenjie\.m2\repository\org\seleniumhq\selenium\selenium-remote-driver\3.14.0\selenium-remote-driver-3.14.0.jar;C:\Users\xywenjie\.m2\repository\net\bytebuddy\byte-buddy\1.8.15\byte-buddy-1.8.15.jar;C:\Users\xywenjie\.m2\repository\org\apache\commons\commons-exec\1.3\commons-exec-1.3.jar;C:\Users\xywenjie\.m2\repository\commons-logging\commons-logging\1.2\commons-logging-1.2.jar;C:\Users\xywenjie\.m2\repository\com\google\guava\guava\25.0-jre\guava-25.0-jre.jar;C:\Users\xywenjie\.m2\repository\org\checkerframework\checker-compat-qual\2.0.0\checker-compat-qual-2.0.0.jar;C:\Users\xywenjie\.m2\repository\com\google\errorprone\error_prone_annotations\2.1.3\error_prone_annotations-2.1.3.jar;C:\Users\xywenjie\.m2\repository\com\google\j2objc\j2objc-annotations\1.1\j2objc-annotations-1.1.jar;C:\Users\xywenjie\.m2\repository\org\codehaus\mojo\animal-sniffer-annotations\1.14\animal-sniffer-annotations-1.14.jar;C:\Users\xywenjie\.m2\repository\org\apache\httpcomponents\httpcore\4.4.9\httpcore-4.4.9.jar;C:\Users\xywenjie\.m2\repository\com\squareup\okhttp3\okhttp\3.10.0\okhttp-3.10.0.jar;C:\Users\xywenjie\.m2\repository\com\squareup\okio\okio\1.14.1\okio-1.14.1.jar;C:\Users\xywenjie\.m2\repository\org\seleniumhq\selenium\selenium-htmlunit-driver\2.32.0\selenium-htmlunit-driver-2.32.0.jar;C:\Users\xywenjie\.m2\repository\net\sourceforge\htmlunit\htmlunit\2.32\htmlunit-2.32.jar;C:\Users\xywenjie\.m2\repository\xalan\xalan\2.7.2\xalan-2.7.2.jar;C:\Users\xywenjie\.m2\repository\xalan\serializer\2.7.2\serializer-2.7.2.jar;C:\Users\xywenjie\.m2\repository\org\apache\commons\commons-lang3\3.7\commons-lang3-3.7.jar;C:\Users\xywenjie\.m2\repository\org\apache\commons\commons-text\1.4\commons-text-1.4.jar;C:\Users\xywenjie\.m2\repository\org\apache\httpcomponents\httpmime\4.5.6\httpmime-4.5.6.jar;C:\Users\xywenjie\.m2\repository\net\sourceforge\htmlunit\htmlunit-core-js\2.32\htmlunit-core-js-2.32.jar;C:\Users\xywenjie\.m2\repository\net\sourceforge\htmlunit\neko-htmlunit\2.32\neko-htmlunit-2.32.jar;C:\Users\xywenjie\.m2\repository\xerces\xercesImpl\2.11.0\xercesImpl-2.11.0.jar;C:\Users\xywenjie\.m2\repository\net\sourceforge\htmlunit\htmlunit-cssparser\1.1.0\htmlunit-cssparser-1.1.0.jar;C:\Users\xywenjie\.m2\repository\commons-net\commons-net\3.6\commons-net-3.6.jar;C:\Users\xywenjie\.m2\repository\org\eclipse\jetty\websocket\websocket-client\9.4.11.v20180605\websocket-client-9.4.11.v20180605.jar;C:\Users\xywenjie\.m2\repository\org\eclipse\jetty\jetty-client\9.4.11.v20180605\jetty-client-9.4.11.v20180605.jar;C:\Users\xywenjie\.m2\repository\org\eclipse\jetty\jetty-http\9.4.11.v20180605\jetty-http-9.4.11.v20180605.jar;C:\Users\xywenjie\.m2\repository\org\eclipse\jetty\jetty-xml\9.4.11.v20180605\jetty-xml-9.4.11.v20180605.jar;C:\Users\xywenjie\.m2\repository\org\eclipse\jetty\jetty-util\9.4.11.v20180605\jetty-util-9.4.11.v20180605.jar;C:\Users\xywenjie\.m2\repository\org\eclipse\jetty\jetty-io\9.4.11.v20180605\jetty-io-9.4.11.v20180605.jar;C:\Users\xywenjie\.m2\repository\org\eclipse\jetty\websocket\websocket-common\9.4.11.v20180605\websocket-common-9.4.11.v20180605.jar;C:\Users\xywenjie\.m2\repository\org\eclipse\jetty\websocket\websocket-api\9.4.11.v20180605\websocket-api-9.4.11.v20180605.jar;C:\Users\xywenjie\.m2\repository\xml-apis\xml-apis\1.4.01\xml-apis-1.4.01.jar;C:\Users\xywenjie\.m2\repository\org\springframework\security\spring-security-test\4.2.7.RELEASE\spring-security-test-4.2.7.RELEASE.jar;C:\Users\xywenjie\.m2\repository\org\springframework\spring-core\4.3.18.RELEASE\spring-core-4.3.18.RELEASE.jar;C:\Users\xywenjie\.m2\repository\org\springframework\hateoas\spring-hateoas\0.25.0.RELEASE\spring-hateoas-0.25.0.RELEASE.jar;C:\Users\xywenjie\.m2\repository\org\springframework\spring-aop\4.3.18.RELEASE\spring-aop-4.3.18.RELEASE.jar;C:\Users\xywenjie\.m2\repository\org\springframework\spring-beans\4.3.18.RELEASE\spring-beans-4.3.18.RELEASE.jar;C:\Users\xywenjie\.m2\repository\org\springframework\spring-context\4.3.18.RELEASE\spring-context-4.3.18.RELEASE.jar;C:\Users\xywenjie\.m2\repository\org\springframework\spring-web\4.3.18.RELEASE\spring-web-4.3.18.RELEASE.jar;C:\Users\xywenjie\.m2\repository\org\apache\tomcat\tomcat-catalina\8.0.48\tomcat-catalina-8.0.48.jar;C:\Users\xywenjie\.m2\repository\org\apache\tomcat\tomcat-servlet-api\8.0.48\tomcat-servlet-api-8.0.48.jar;C:\Users\xywenjie\.m2\repository\org\apache\tomcat\tomcat-jsp-api\8.0.48\tomcat-jsp-api-8.0.48.jar;C:\Users\xywenjie\.m2\repository\org\apache\tomcat\tomcat-el-api\8.0.48\tomcat-el-api-8.0.48.jar;C:\Users\xywenjie\.m2\repository\org\apache\tomcat\tomcat-juli\8.0.48\tomcat-juli-8.0.48.jar;C:\Users\xywenjie\.m2\repository\org\apache\tomcat\tomcat-annotations-api\8.0.48\tomcat-annotations-api-8.0.48.jar;C:\Users\xywenjie\.m2\repository\org\apache\tomcat\tomcat-api\8.0.48\tomcat-api-8.0.48.jar;C:\Users\xywenjie\.m2\repository\org\apache\tomcat\tomcat-jni\8.0.48\tomcat-jni-8.0.48.jar;C:\Users\xywenjie\.m2\repository\org\apache\tomcat\tomcat-coyote\8.0.48\tomcat-coyote-8.0.48.jar;C:\Users\xywenjie\.m2\repository\org\apache\tomcat\tomcat-util\8.0.48\tomcat-util-8.0.48.jar;C:\Users\xywenjie\.m2\repository\org\apache\tomcat\tomcat-util-scan\8.0.48\tomcat-util-scan-8.0.48.jar;C:\Users\xywenjie\.m2\repository\org\thymeleaf\thymeleaf-spring4\3.0.9.RELEASE\thymeleaf-spring4-3.0.9.RELEASE.jar;C:\Users\xywenjie\.m2\repository\org\thymeleaf\thymeleaf\3.0.9.RELEASE\thymeleaf-3.0.9.RELEASE.jar;C:\Users\xywenjie\.m2\repository\org\attoparser\attoparser\2.0.4.RELEASE\attoparser-2.0.4.RELEASE.jar;C:\Users\xywenjie\.m2\repository\org\unbescape\unbescape\1.1.5.RELEASE\unbescape-1.1.5.RELEASE.jar;C:\Users\xywenjie\.m2\repository\org\apache\httpcomponents\httpclient\4.5.6\httpclient-4.5.6.jar;C:\Users\xywenjie\.m2\repository\junit\junit\4.12\junit-4.12.jar;C:\Users\xywenjie\.m2\repository\org\hamcrest\hamcrest-core\1.3\hamcrest-core-1.3.jar;C:\Users\xywenjie\.m2\repository\org\springframework\spring-webmvc\4.3.18.RELEASE\spring-webmvc-4.3.18.RELEASE.jar;C:\Users\xywenjie\.m2\repository\org\springframework\spring-expression\4.3.18.RELEASE\spring-expression-4.3.18.RELEASE.jar;C:\Users\xywenjie\.m2\repository\org\springframework\spring-test\4.3.18.RELEASE\spring-test-4.3.18.RELEASE.jar;C:\Users\xywenjie\.m2\repository\org\springframework\spring-tx\4.3.18.RELEASE\spring-tx-4.3.18.RELEASE.jar;C:\Users\xywenjie\.m2\repository\org\springframework\security\spring-security-core\4.2.7.RELEASE\spring-security-core-4.2.7.RELEASE.jar;C:\Users\xywenjie\.m2\repository\aopalliance\aopalliance\1.0\aopalliance-1.0.jar;C:\Users\xywenjie\.m2\repository\org\springframework\security\spring-security-web\4.2.7.RELEASE\spring-security-web-4.2.7.RELEASE.jar;C:\Users\xywenjie\.m2\repository\org\springframework\security\spring-security-config\4.2.7.RELEASE\spring-security-config-4.2.7.RELEASE.jar;C:\Users\xywenjie\.m2\repository\org\springframework\webflow\spring-webflow\2.5.0.RELEASE\spring-webflow-2.5.0.RELEASE.jar;C:\Users\xywenjie\.m2\repository\org\springframework\webflow\spring-binding\2.5.0.RELEASE\spring-binding-2.5.0.RELEASE.jar;C:\Users\xywenjie\.m2\repository\org\apache\tiles\tiles-jsp\3.0.8\tiles-jsp-3.0.8.jar;C:\Users\xywenjie\.m2\repository\org\apache\tiles\tiles-servlet\3.0.8\tiles-servlet-3.0.8.jar;C:\Users\xywenjie\.m2\repository\org\apache\tiles\tiles-core\3.0.8\tiles-core-3.0.8.jar;C:\Users\xywenjie\.m2\repository\commons-digester\commons-digester\2.0\commons-digester-2.0.jar;C:\Users\xywenjie\.m2\repository\org\apache\tiles\tiles-request-servlet\1.0.7\tiles-request-servlet-1.0.7.jar;C:\Users\xywenjie\.m2\repository\org\apache\tiles\tiles-template\3.0.8\tiles-template-3.0.8.jar;C:\Users\xywenjie\.m2\repository\org\apache\tiles\tiles-api\3.0.8\tiles-api-3.0.8.jar;C:\Users\xywenjie\.m2\repository\org\apache\tiles\tiles-autotag-core-runtime\1.2\tiles-autotag-core-runtime-1.2.jar;C:\Users\xywenjie\.m2\repository\org\apache\tiles\tiles-request-jsp\1.0.7\tiles-request-jsp-1.0.7.jar;C:\Users\xywenjie\.m2\repository\org\apache\tiles\tiles-request-api\1.0.7\tiles-request-api-1.0.7.jar;C:\Users\xywenjie\.m2\repository\org\activiti\activiti-engine\5.22.0\activiti-engine-5.22.0.jar;C:\Users\xywenjie\.m2\repository\org\activiti\activiti-bpmn-converter\5.22.0\activiti-bpmn-converter-5.22.0.jar;C:\Users\xywenjie\.m2\repository\org\activiti\activiti-bpmn-model\5.22.0\activiti-bpmn-model-5.22.0.jar;C:\Users\xywenjie\.m2\repository\org\activiti\activiti-process-validation\5.22.0\activiti-process-validation-5.22.0.jar;C:\Users\xywenjie\.m2\repository\org\activiti\activiti-image-generator\5.22.0\activiti-image-generator-5.22.0.jar;C:\Users\xywenjie\.m2\repository\org\apache\commons\commons-email\1.4\commons-email-1.4.jar;C:\Users\xywenjie\.m2\repository\com\sun\mail\javax.mail\1.5.2\javax.mail-1.5.2.jar;C:\Users\xywenjie\.m2\repository\javax\activation\activation\1.1.1\activation-1.1.1.jar;C:\Users\xywenjie\.m2\repository\org\mybatis\mybatis\3.3.0\mybatis-3.3.0.jar;C:\Users\xywenjie\.m2\repository\joda-time\joda-time\2.6\joda-time-2.6.jar;C:\Users\xywenjie\.m2\repository\org\slf4j\jcl-over-slf4j\1.7.6\jcl-over-slf4j-1.7.6.jar;C:\Users\xywenjie\.m2\repository\org\activiti\activiti-spring\5.22.0\activiti-spring-5.22.0.jar;C:\Users\xywenjie\.m2\repository\org\springframework\spring-jdbc\4.1.5.RELEASE\spring-jdbc-4.1.5.RELEASE.jar;C:\Users\xywenjie\.m2\repository\org\springframework\spring-orm\4.1.5.RELEASE\spring-orm-4.1.5.RELEASE.jar;C:\Users\xywenjie\.m2\repository\commons-dbcp\commons-dbcp\1.4\commons-dbcp-1.4.jar;C:\Users\xywenjie\.m2\repository\commons-pool\commons-pool\1.5.4\commons-pool-1.5.4.jar;C:\Users\xywenjie\.m2\repository\org\hibernate\hibernate-entitymanager\4.3.11.Final\hibernate-entitymanager-4.3.11.Final.jar;C:\Users\xywenjie\.m2\repository\org\jboss\logging\jboss-logging-annotations\1.2.0.Beta1\jboss-logging-annotations-1.2.0.Beta1.jar;C:\Users\xywenjie\.m2\repository\org\hibernate\hibernate-core\4.3.11.Final\hibernate-core-4.3.11.Final.jar;C:\Users\xywenjie\.m2\repository\antlr\antlr\2.7.7\antlr-2.7.7.jar;C:\Users\xywenjie\.m2\repository\org\jboss\jandex\1.1.0.Final\jandex-1.1.0.Final.jar;C:\Users\xywenjie\.m2\repository\dom4j\dom4j\1.6.1\dom4j-1.6.1.jar;C:\Users\xywenjie\.m2\repository\org\hibernate\common\hibernate-commons-annotations\4.0.5.Final\hibernate-commons-annotations-4.0.5.Final.jar;C:\Users\xywenjie\.m2\repository\org\hibernate\javax\persistence\hibernate-jpa-2.1-api\1.0.0.Final\hibernate-jpa-2.1-api-1.0.0.Final.jar;C:\Users\xywenjie\.m2\repository\org\jboss\spec\javax\transaction\jboss-transaction-api_1.2_spec\1.0.0.Final\jboss-transaction-api_1.2_spec-1.0.0.Final.jar;C:\Users\xywenjie\.m2\repository\org\javassist\javassist\3.18.1-GA\javassist-3.18.1-GA.jar;C:\Users\xywenjie\.m2\repository\org\hibernate\validator\hibernate-validator\6.0.13.Final\hibernate-validator-6.0.13.Final.jar;C:\Users\xywenjie\.m2\repository\javax\validation\validation-api\2.0.1.Final\validation-api-2.0.1.Final.jar;C:\Users\xywenjie\.m2\repository\com\fasterxml\classmate\1.3.4\classmate-1.3.4.jar;C:\Users\xywenjie\.m2\repository\org\jboss\logging\jboss-logging\3.3.2.Final\jboss-logging-3.3.2.Final.jar;C:\Users\xywenjie\.m2\repository\org\springframework\data\spring-data-jpa\1.11.6.RELEASE\spring-data-jpa-1.11.6.RELEASE.jar;C:\Users\xywenjie\.m2\repository\org\springframework\data\spring-data-commons\1.13.6.RELEASE\spring-data-commons-1.13.6.RELEASE.jar;C:\Users\xywenjie\.m2\repository\org\aspectj\aspectjrt\1.8.10\aspectjrt-1.8.10.jar;C:\Users\xywenjie\.m2\repository\org\apache\logging\log4j\log4j-core\2.11.0\log4j-core-2.11.0.jar;C:\Users\xywenjie\.m2\repository\org\apache\logging\log4j\log4j-api\2.11.0\log4j-api-2.11.0.jar;C:\Users\xywenjie\.m2\repository\org\apache\logging\log4j\log4j-slf4j-impl\2.11.0\log4j-slf4j-impl-2.11.0.jar;C:\Users\xywenjie\.m2\repository\javax\servlet\jstl\1.2\jstl-1.2.jar;C:\Users\xywenjie\.m2\repository\org\glassfish\web\jstl-impl\1.2\jstl-impl-1.2.jar;C:\Users\xywenjie\.m2\repository\javax\servlet\servlet-api\2.5\servlet-api-2.5.jar;C:\Users\xywenjie\.m2\repository\javax\servlet\jsp\jsp-api\2.1\jsp-api-2.1.jar;C:\Users\xywenjie\.m2\repository\javax\servlet\jsp\jstl\jstl-api\1.2\jstl-api-1.2.jar;C:\Users\xywenjie\.m2\repository\org\apache\commons\commons-dbcp2\2.1.1\commons-dbcp2-2.1.1.jar;C:\Users\xywenjie\.m2\repository\org\apache\commons\commons-pool2\2.4.2\commons-pool2-2.4.2.jar;C:\Users\xywenjie\.m2\repository\commons-codec\commons-codec\1.11\commons-codec-1.11.jar;C:\Users\xywenjie\.m2\repository\commons-io\commons-io\2.6\commons-io-2.6.jar;C:\Users\xywenjie\.m2\repository\commons-fileupload\commons-fileupload\1.3.3\commons-fileupload-1.3.3.jar;C:\Users\xywenjie\.m2\repository\com\fasterxml\jackson\core\jackson-core\2.9.5\jackson-core-2.9.5.jar;C:\Users\xywenjie\.m2\repository\com\fasterxml\jackson\core\jackson-databind\2.9.5\jackson-databind-2.9.5.jar;C:\Users\xywenjie\.m2\repository\com\fasterxml\jackson\core\jackson-annotations\2.9.5\jackson-annotations-2.9.5.jar;C:\Users\xywenjie\.m2\repository\mysql\mysql-connector-java\5.1.41\mysql-connector-java-5.1.41.jar;, user.name=xywenjie, java.vm.specification.version=1.8, sun.java.command=C:\Users\xywenjie\git\erp\erp-loan\target\surefire\surefirebooter4361474128316300708.jar C:\Users\xywenjie\git\erp\erp-loan\target\surefire\surefire4909760760641731558tmp C:\Users\xywenjie\git\erp\erp-loan\target\surefire\surefire_06432162705976264568tmp, java.home=C:\Program Files\Java\jdk1.8.0_181\jre, sun.arch.data.model=64, user.language=en, java.specification.vendor=Oracle Corporation, awt.toolkit=sun.awt.windows.WToolkit, java.vm.info=mixed mode, java.version=1.8.0_181, java.ext.dirs=C:\Program Files\Java\jdk1.8.0_181\jre\lib\ext;C:\WINDOWS\Sun\Java\lib\ext, sun.boot.class.path=C:\Program Files\Java\jdk1.8.0_181\jre\lib\resources.jar;C:\Program Files\Java\jdk1.8.0_181\jre\lib\rt.jar;C:\Program Files\Java\jdk1.8.0_181\jre\lib\sunrsasign.jar;C:\Program Files\Java\jdk1.8.0_181\jre\lib\jsse.jar;C:\Program Files\Java\jdk1.8.0_181\jre\lib\jce.jar;C:\Program Files\Java\jdk1.8.0_181\jre\lib\charsets.jar;C:\Program Files\Java\jdk1.8.0_181\jre\lib\jfr.jar;C:\Program Files\Java\jdk1.8.0_181\jre\classes, java.vendor=Oracle Corporation, localRepository=C:\Users\xywenjie\.m2\repository, file.separator=\, java.vendor.url.bug=http://bugreport.sun.com/bugreport/, sun.io.unicode.encoding=UnicodeLittle, sun.cpu.endian=little, sun.desktop=windows, sun.cpu.isalist=amd64}}, SystemEnvironmentPropertySource@752001567 {name=&apos;systemEnvironment&apos;, properties={PATH=C:\Program Files (x86)\NetSarang\Xftp 6\;C:\Program Files (x86)\Common Files\Oracle\Java\javapath;C:\WINDOWS\system32;C:\WINDOWS;C:\WINDOWS\System32\Wbem;C:\WINDOWS\System32\WindowsPowerShell\v1.0\;C:\WINDOWS\System32\OpenSSH\;D:\Program Files\Apache\maven\bin\;C:\Program Files\Git\cmd;C:\Users\xywenjie\AppData\Local\Microsoft\WindowsApps;C:\Users\xywenjie\AppData\Local\atom\bin, USERDOMAIN_ROAMINGPROFILE=DESKTOP-T8LGBLS, PROCESSOR_LEVEL=23, SYSTEMDRIVE=C:, ALLUSERSPROFILE=C:\ProgramData, PROCESSOR_ARCHITECTURE=AMD64, AMDRMSDKPATH=C:\Program Files\AMD\RyzenMasterSDK\, DRIVERDATA=C:\Windows\System32\Drivers\DriverData, MAVEN_HOME=D:\Program Files\Apache\maven\bin\.., PROGRAMFILES=C:\Program Files, MOZ_PLUGIN_PATH=C:\Program Files (x86)\Foxit Software\Foxit Reader\plugins\, PSMODULEPATH=C:\Users\xywenjie\Documents\WindowsPowerShell\Modules;C:\Program Files\WindowsPowerShell\Modules;C:\WINDOWS\system32\WindowsPowerShell\v1.0\Modules, PROGRAMDATA=C:\ProgramData, USERNAME=xywenjie, WDIR=C:\, ONEDRIVE=C:\Users\xywenjie\OneDrive, PATHEXT=.COM;.EXE;.BAT;.CMD;.VBS;.VBE;.JS;.JSE;.WSF;.WSH;.MSC;.CPL, ONEDRIVECONSUMER=C:\Users\xywenjie\OneDrive, CLASSWORLDS_JAR=&quot;D:\Program Files\Apache\maven\bin\..\boot\plexus-classworlds-2.5.2.jar&quot;, WINDIR=C:\WINDOWS, HOMEPATH=\Users\xywenjie, PROCESSOR_IDENTIFIER=AMD64 Family 23 Model 1 Stepping 1, AuthenticAMD, PUBLIC=C:\Users\Public, =::=::\, LOCALAPPDATA=C:\Users\xywenjie\AppData\Local, COMMONPROGRAMFILES(X86)=C:\Program Files (x86)\Common Files, USERDOMAIN=DESKTOP-T8LGBLS, LOGONSERVER=\\DESKTOP-T8LGBLS, JAVA_HOME=C:\Program Files\Java\jdk1.8.0_181, PROMPT=$P$G, PROGRAMFILES(X86)=C:\Program Files (x86), ERROR_CODE=0, EXEC_DIR=C:\Users\xywenjie\git\erp, =C:=C:\Users\xywenjie\git\erp\erp-loan, APPDATA=C:\Users\xywenjie\AppData\Roaming, PROGRAMW6432=C:\Program Files, SYSTEMROOT=C:\WINDOWS, MAVEN_CMD_LINE_ARGS=install, VBOX_MSI_INSTALL_PATH=C:\Program Files\Oracle\VirtualBox\, OS=Windows_NT, COMMONPROGRAMW6432=C:\Program Files\Common Files, COMPUTERNAME=DESKTOP-T8LGBLS, COMMONPROGRAMFILES=C:\Program Files\Common Files, COMSPEC=C:\WINDOWS\system32\cmd.exe, AMDRMPATH=C:\Program Files\AMD\RyzenMaster\, JAVACMD=C:\Program Files\Java\jdk1.8.0_181\bin\java.exe, MAVEN_PROJECTBASEDIR=C:\Users\xywenjie\git\erp, PROCESSOR_REVISION=0101, CLASSWORLDS_LAUNCHER=org.codehaus.plexus.classworlds.launcher.Launcher, TEMP=C:\Users\xywenjie\AppData\Local\Temp, HOMEDRIVE=C:, USERPROFILE=C:\Users\xywenjie, TMP=C:\Users\xywenjie\AppData\Local\Temp, NUMBER_OF_PROCESSORS=16, JVMCONFIG=\.mvn\jvm.config}}]
19:37:04.117 [main] DEBUG org.springframework.test.context.support.AnnotationConfigContextLoader - Registering annotated classes: {class com.benjamin.erp.config.SpringApplicationContext}
19:37:04.186 [main] INFO org.springframework.context.support.GenericApplicationContext - Refreshing org.springframework.context.support.GenericApplicationContext@6ff29830: startup date [Fri Apr 26 19:37:04 CST 2019]; root of context hierarchy
19:37:04.187 [main] DEBUG org.springframework.context.support.GenericApplicationContext - Bean factory for org.springframework.context.support.GenericApplicationContext@6ff29830: org.springframework.beans.factory.support.DefaultListableBeanFactory@21e360a: defining beans [org.springframework.context.annotation.internalConfigurationAnnotationProcessor,org.springframework.context.annotation.internalAutowiredAnnotationProcessor,org.springframework.context.annotation.internalRequiredAnnotationProcessor,org.springframework.context.annotation.internalCommonAnnotationProcessor,org.springframework.context.annotation.internalPersistenceAnnotationProcessor,org.springframework.context.event.internalEventListenerProcessor,org.springframework.context.event.internalEventListenerFactory,springApplicationContext]; root of factory hierarchy
19:37:04.207 [main] DEBUG org.springframework.beans.factory.support.DefaultListableBeanFactory - Creating shared instance of singleton bean &apos;org.springframework.context.annotation.internalConfigurationAnnotationProcessor&apos;
19:37:04.207 [main] DEBUG org.springframework.beans.factory.support.DefaultListableBeanFactory - Creating instance of bean &apos;org.springframework.context.annotation.internalConfigurationAnnotationProcessor&apos;
19:37:04.231 [main] DEBUG org.springframework.beans.factory.support.DefaultListableBeanFactory - Eagerly caching bean &apos;org.springframework.context.annotation.internalConfigurationAnnotationProcessor&apos; to allow for resolving potential circular references
19:37:04.233 [main] DEBUG org.springframework.beans.factory.support.DefaultListableBeanFactory - Finished creating instance of bean &apos;org.springframework.context.annotation.internalConfigurationAnnotationProcessor&apos;
19:37:04.322 [main] DEBUG org.springframework.context.annotation.ConfigurationClassBeanDefinitionReader - Registering bean definition for @Bean method com.benjamin.erp.config.SpringApplicationContext.dataSource()
19:37:04.323 [main] DEBUG org.springframework.context.annotation.ConfigurationClassBeanDefinitionReader - Registering bean definition for @Bean method com.benjamin.erp.config.SpringApplicationContext.shiroFilter()
19:37:04.323 [main] DEBUG org.springframework.context.annotation.ConfigurationClassBeanDefinitionReader - Registering bean definition for @Bean method com.benjamin.erp.config.SpringApplicationContext.securityManager()
19:37:04.324 [main] DEBUG org.springframework.context.annotation.ConfigurationClassBeanDefinitionReader - Registering bean definition for @Bean method com.benjamin.erp.config.SpringApplicationContext.simpleRealm()
19:37:04.324 [main] DEBUG org.springframework.context.annotation.ConfigurationClassBeanDefinitionReader - Registering bean definition for @Bean method com.benjamin.erp.config.SpringApplicationContext.entityManagerFactory()
19:37:04.325 [main] DEBUG org.springframework.context.annotation.ConfigurationClassBeanDefinitionReader - Registering bean definition for @Bean method com.benjamin.erp.config.SpringApplicationContext.jpaVendorAdapter()
19:37:04.325 [main] DEBUG org.springframework.context.annotation.ConfigurationClassBeanDefinitionReader - Registering bean definition for @Bean method com.benjamin.erp.config.SpringApplicationContext.transactionManager()
19:37:04.325 [main] DEBUG org.springframework.context.annotation.ConfigurationClassBeanDefinitionReader - Registering bean definition for @Bean method com.benjamin.erp.config.SpringApplicationContext.erpWebApplication()
19:37:04.326 [main] DEBUG org.springframework.context.annotation.ConfigurationClassBeanDefinitionReader - Registering bean definition for @Bean method com.benjamin.erp.config.SpringApplicationContext.processEngineConfiguration()
19:37:04.326 [main] DEBUG org.springframework.context.annotation.ConfigurationClassBeanDefinitionReader - Registering bean definition for @Bean method com.benjamin.erp.config.SpringApplicationContext.processEngine()
19:37:04.326 [main] DEBUG org.springframework.context.annotation.ConfigurationClassBeanDefinitionReader - Registering bean definition for @Bean method com.benjamin.erp.config.SpringApplicationContext.runtimeService()
19:37:04.327 [main] DEBUG org.springframework.context.annotation.ConfigurationClassBeanDefinitionReader - Registering bean definition for @Bean method com.benjamin.erp.config.SpringApplicationContext.taskService()
19:37:04.327 [main] DEBUG org.springframework.context.annotation.ConfigurationClassBeanDefinitionReader - Registering bean definition for @Bean method com.benjamin.erp.config.SpringApplicationContext.repositoryService()
19:37:04.344 [main] DEBUG org.springframework.core.env.StandardEnvironment - Adding PropertySource &apos;systemProperties&apos; with lowest search precedence
19:37:04.344 [main] DEBUG org.springframework.core.env.StandardEnvironment - Adding PropertySource &apos;systemEnvironment&apos; with lowest search precedence
19:37:04.344 [main] DEBUG org.springframework.core.env.StandardEnvironment - Initialized StandardEnvironment with PropertySources [MapPropertySource@221111433 {name=&apos;systemProperties&apos;, properties={java.runtime.name=Java(TM) SE Runtime Environment, sun.boot.library.path=C:\Program Files\Java\jdk1.8.0_181\jre\bin, java.vm.version=25.181-b13, java.vm.vendor=Oracle Corporation, java.vendor.url=http://java.oracle.com/, path.separator=;, java.vm.name=Java HotSpot(TM) 64-Bit Server VM, file.encoding.pkg=sun.io, user.country=US, user.script=, sun.java.launcher=SUN_STANDARD, sun.os.patch.level=, java.vm.specification.name=Java Virtual Machine Specification, user.dir=C:\Users\xywenjie\git\erp\erp-loan, java.runtime.version=1.8.0_181-b13, basedir=C:\Users\xywenjie\git\erp\erp-loan, java.awt.graphicsenv=sun.awt.Win32GraphicsEnvironment, java.endorsed.dirs=C:\Program Files\Java\jdk1.8.0_181\jre\lib\endorsed, os.arch=amd64, surefire.real.class.path=C:\Users\xywenjie\git\erp\erp-loan\target\surefire\surefirebooter4361474128316300708.jar, java.io.tmpdir=C:\Users\xywenjie\AppData\Local\Temp\, line.separator=
, java.vm.specification.vendor=Oracle Corporation, user.variant=, os.name=Windows 10, sun.jnu.encoding=GBK, java.library.path=C:\Program Files\Java\jdk1.8.0_181\jre\bin;C:\WINDOWS\Sun\Java\bin;C:\WINDOWS\system32;C:\WINDOWS;C:\Program Files (x86)\NetSarang\Xftp 6\;C:\Program Files (x86)\Common Files\Oracle\Java\javapath;C:\WINDOWS\system32;C:\WINDOWS;C:\WINDOWS\System32\Wbem;C:\WINDOWS\System32\WindowsPowerShell\v1.0\;C:\WINDOWS\System32\OpenSSH\;D:\Program Files\Apache\maven\bin\;C:\Program Files\Git\cmd;C:\Users\xywenjie\AppData\Local\Microsoft\WindowsApps;C:\Users\xywenjie\AppData\Local\atom\bin;., surefire.test.class.path=C:\Users\xywenjie\git\erp\erp-loan\target\test-classes;C:\Users\xywenjie\git\erp\erp-loan\target\classes;C:\Users\xywenjie\git\erp\erp-web-basic\target\erp.jar;C:\Users\xywenjie\.m2\repository\org\wicketstuff\wicketstuff-shiro\8.2.0\wicketstuff-shiro-8.2.0.jar;C:\Users\xywenjie\.m2\repository\org\apache\shiro\shiro-core\1.4.0\shiro-core-1.4.0.jar;C:\Users\xywenjie\.m2\repository\org\apache\shiro\shiro-lang\1.4.0\shiro-lang-1.4.0.jar;C:\Users\xywenjie\.m2\repository\org\apache\shiro\shiro-cache\1.4.0\shiro-cache-1.4.0.jar;C:\Users\xywenjie\.m2\repository\org\apache\shiro\shiro-crypto-hash\1.4.0\shiro-crypto-hash-1.4.0.jar;C:\Users\xywenjie\.m2\repository\org\apache\shiro\shiro-crypto-core\1.4.0\shiro-crypto-core-1.4.0.jar;C:\Users\xywenjie\.m2\repository\org\apache\shiro\shiro-crypto-cipher\1.4.0\shiro-crypto-cipher-1.4.0.jar;C:\Users\xywenjie\.m2\repository\org\apache\shiro\shiro-config-core\1.4.0\shiro-config-core-1.4.0.jar;C:\Users\xywenjie\.m2\repository\org\apache\shiro\shiro-config-ogdl\1.4.0\shiro-config-ogdl-1.4.0.jar;C:\Users\xywenjie\.m2\repository\commons-beanutils\commons-beanutils\1.9.3\commons-beanutils-1.9.3.jar;C:\Users\xywenjie\.m2\repository\commons-collections\commons-collections\3.2.2\commons-collections-3.2.2.jar;C:\Users\xywenjie\.m2\repository\org\apache\shiro\shiro-event\1.4.0\shiro-event-1.4.0.jar;C:\Users\xywenjie\.m2\repository\org\apache\shiro\shiro-web\1.4.0\shiro-web-1.4.0.jar;C:\Users\xywenjie\.m2\repository\org\wicketstuff\wicketstuff-annotation\8.2.0\wicketstuff-annotation-8.2.0.jar;C:\Users\xywenjie\.m2\repository\org\apache\shiro\shiro-spring\1.4.0\shiro-spring-1.4.0.jar;C:\Users\xywenjie\.m2\repository\org\webjars\npm\icheck\1.0.2\icheck-1.0.2.jar;C:\Users\xywenjie\.m2\repository\org\webjars\ionicons\2.0.1\ionicons-2.0.1.jar;C:\Users\xywenjie\.m2\repository\org\webjars\bower\bootstrap-fileinput\4.5.2\bootstrap-fileinput-4.5.2.jar;C:\Users\xywenjie\.m2\repository\org\webjars\jquery-ui\1.12.1\jquery-ui-1.12.1.jar;C:\Users\xywenjie\.m2\repository\org\apache\wicket\wicket-core\8.2.0\wicket-core-8.2.0.jar;C:\Users\xywenjie\.m2\repository\com\github\openjson\openjson\1.0.8\openjson-1.0.8.jar;C:\Users\xywenjie\.m2\repository\org\apache\wicket\wicket-request\8.2.0\wicket-request-8.2.0.jar;C:\Users\xywenjie\.m2\repository\org\apache\wicket\wicket-util\8.2.0\wicket-util-8.2.0.jar;C:\Users\xywenjie\.m2\repository\org\apache\commons\commons-collections4\4.1\commons-collections4-4.1.jar;C:\Users\xywenjie\.m2\repository\org\danekja\jdk-serializable-functional\1.8.3\jdk-serializable-functional-1.8.3.jar;C:\Users\xywenjie\.m2\repository\org\slf4j\slf4j-api\1.7.25\slf4j-api-1.7.25.jar;C:\Users\xywenjie\.m2\repository\org\apache\wicket\wicket-bean-validation\8.2.0\wicket-bean-validation-8.2.0.jar;C:\Users\xywenjie\.m2\repository\org\apache\wicket\wicket-auth-roles\8.2.0\wicket-auth-roles-8.2.0.jar;C:\Users\xywenjie\.m2\repository\org\apache\wicket\wicket-devutils\8.2.0\wicket-devutils-8.2.0.jar;C:\Users\xywenjie\.m2\repository\org\apache\wicket\wicket-spring\8.2.0\wicket-spring-8.2.0.jar;C:\Users\xywenjie\.m2\repository\org\apache\wicket\wicket-ioc\8.2.0\wicket-ioc-8.2.0.jar;C:\Users\xywenjie\.m2\repository\cglib\cglib\3.2.6\cglib-3.2.6.jar;C:\Users\xywenjie\.m2\repository\org\apache\ant\ant\1.9.6\ant-1.9.6.jar;C:\Users\xywenjie\.m2\repository\org\apache\ant\ant-launcher\1.9.6\ant-launcher-1.9.6.jar;C:\Users\xywenjie\.m2\repository\org\ow2\asm\asm-util\6.2\asm-util-6.2.jar;C:\Users\xywenjie\.m2\repository\org\ow2\asm\asm\6.2\asm-6.2.jar;C:\Users\xywenjie\.m2\repository\org\ow2\asm\asm-tree\6.2\asm-tree-6.2.jar;C:\Users\xywenjie\.m2\repository\org\ow2\asm\asm-analysis\6.2\asm-analysis-6.2.jar;C:\Users\xywenjie\.m2\repository\org\apache\wicket\wicket-extensions\8.2.0\wicket-extensions-8.2.0.jar;C:\Users\xywenjie\.m2\repository\de\agilecoders\wicket\webjars\wicket-webjars\2.0.8\wicket-webjars-2.0.8.jar;C:\Users\xywenjie\.m2\repository\org\webjars\jquery\1.11.0\jquery-1.11.0.jar;C:\Users\xywenjie\.m2\repository\org\webjars\bootstrap\3.3.7-1\bootstrap-3.3.7-1.jar;C:\Users\xywenjie\.m2\repository\org\webjars\font-awesome\4.7.0\font-awesome-4.7.0
[...]
13. [SessionSizeDebugPanel [Component id = contrib, page = com.benjamin.erp.page.ReleaseBorrowerPage, path = debugBar:content:contributors:2:contrib, type = org.apache.wicket.devutils.debugbar.SessionSizeDebugPanel, isVisible = true, isVersioned = true], children =  [BookmarkablePageLink [Component id = link]]]
14. [BookmarkablePageLink [Component id = link, page = com.benjamin.erp.page.ReleaseBorrowerPage, path = debugBar:content:contributors:2:contrib:link, type = org.apache.wicket.markup.html.link.BookmarkablePageLink, isVisible = true, isVersioned = true], children =  [Component id = img][Component id = data]]
15. [Component id = img, page = com.benjamin.erp.page.ReleaseBorrowerPage, path = debugBar:content:contributors:2:contrib:link:img, type = org.apache.wicket.markup.html.image.Image, isVisible = true, isVersioned = true]
16. [Component id = data, page = com.benjamin.erp.page.ReleaseBorrowerPage, path = debugBar:content:contributors:2:contrib:link:data, type = org.apache.wicket.markup.html.basic.Label, isVisible = true, isVersioned = true]
17. [ListItem [Component id = 3, page = com.benjamin.erp.page.ReleaseBorrowerPage, path = debugBar:content:contributors:3, type = org.apache.wicket.markup.html.list.ListItem, isVisible = true, isVersioned = true], children =  [PageSizeDebugPanel [Component id = contrib]]]
18. [PageSizeDebugPanel [Component id = contrib, page = com.benjamin.erp.page.ReleaseBorrowerPage, path = debugBar:content:contributors:3:contrib, type = org.apache.wicket.devutils.debugbar.PageSizeDebugPanel, isVisible = true, isVersioned = true], children =  [BookmarkablePageLink [Component id = link]]]
19. [BookmarkablePageLink [Component id = link, page = com.benjamin.erp.page.ReleaseBorrowerPage, path = debugBar:content:contributors:3:contrib:link, type = org.apache.wicket.markup.html.link.BookmarkablePageLink, isVisible = true, isVersioned = true], children =  [Component id = img][Component id = data]]
20. [Component id = img, page = com.benjamin.erp.page.ReleaseBorrowerPage, path = debugBar:content:contributors:3:contrib:link:img, type = org.apache.wicket.markup.html.image.Image, isVisible = true, isVersioned = true]
21. [Component id = data, page = com.benjamin.erp.page.ReleaseBorrowerPage, path = debugBar:content:contributors:3:contrib:link:data, type = org.apache.wicket.markup.html.basic.Label, isVisible = true, isVersioned = true]
22. [Component id = removeImg, page = com.benjamin.erp.page.ReleaseBorrowerPage, path = debugBar:content:removeImg, type = org.apache.wicket.markup.html.image.Image, isVisible = true, isVersioned = true]

	at org.apache.wicket.Page.checkRendering(Page.java:663)
	at org.apache.wicket.Page.onAfterRender(Page.java:806)
	at org.apache.wicket.markup.html.WebPage.onAfterRender(WebPage.java:209)
	at org.apache.wicket.Component.afterRender(Component.java:897)
	at org.apache.wicket.Component.render(Component.java:2232)
	at org.apache.wicket.Page.renderPage(Page.java:998)
	at org.apache.wicket.request.handler.render.WebPageRenderer.renderPage(WebPageRenderer.java:124)
	at org.apache.wicket.request.handler.render.WebPageRenderer.respond(WebPageRenderer.java:236)
	at org.apache.wicket.util.tester.BaseWicketTester$LastPageRecordingPageRendererProvider$1.respond(BaseWicketTester.java:2833)
	at org.apache.wicket.core.request.handler.RenderPageRequestHandler.respond(RenderPageRequestHandler.java:202)
	at org.apache.wicket.request.cycle.RequestCycle$HandlerExecutor.respond(RequestCycle.java:912)
	at org.apache.wicket.request.RequestHandlerExecutor.execute(RequestHandlerExecutor.java:65)
	at org.apache.wicket.request.cycle.RequestCycle.execute(RequestCycle.java:283)
	at org.apache.wicket.request.cycle.RequestCycle.processRequest(RequestCycle.java:253)
	at org.apache.wicket.request.cycle.RequestCycle.processRequestAndDetach(RequestCycle.java:221)
	at org.apache.wicket.util.tester.BaseWicketTester.processRequest(BaseWicketTester.java:713)
	at org.apache.wicket.util.tester.BaseWicketTester.processRequest(BaseWicketTester.java:652)
	at org.apache.wicket.util.tester.BaseWicketTester.processRequest(BaseWicketTester.java:624)
	at org.apache.wicket.util.tester.BaseWicketTester.startPage(BaseWicketTester.java:1278)
	at org.apache.wicket.util.tester.BaseWicketTester.startPage(BaseWicketTester.java:1251)
	at org.benjamin.erp.test.BorrowerTest.tenderBorrower(BorrowerTest.java:42)
	at sun.reflect.NativeMethodAccessorImpl.invoke0(Native Method)
	at sun.reflect.NativeMethodAccessorImpl.invoke(NativeMethodAccessorImpl.java:62)
	at sun.reflect.DelegatingMethodAccessorImpl.invoke(DelegatingMethodAccessorImpl.java:43)
	at java.lang.reflect.Method.invoke(Method.java:498)
	at org.junit.runners.model.FrameworkMethod$1.runReflectiveCall(FrameworkMethod.java:50)
	at org.junit.internal.runners.model.ReflectiveCallable.run(ReflectiveCallable.java:12)
	at org.junit.runners.model.FrameworkMethod.invokeExplosively(FrameworkMethod.java:47)
	at org.junit.internal.runners.statements.InvokeMethod.evaluate(InvokeMethod.java:17)
	at org.junit.internal.runners.statements.RunBefores.evaluate(RunBefores.java:26)
	at org.springframework.test.context.junit4.statements.RunBeforeTestMethodCallbacks.evaluate(RunBeforeTestMethodCallbacks.java:75)
	at org.springframework.test.context.junit4.statements.RunAfterTestMethodCallbacks.evaluate(RunAfterTestMethodCallbacks.java:86)
	at org.springframework.test.context.junit4.statements.SpringRepeat.evaluate(SpringRepeat.java:84)
	at org.junit.runners.ParentRunner.runLeaf(ParentRunner.java:325)
	at org.springframework.test.context.junit4.SpringJUnit4ClassRunner.runChild(SpringJUnit4ClassRunner.java:252)
	at org.springframework.test.context.junit4.SpringJUnit4ClassRunner.runChild(SpringJUnit4ClassRunner.java:94)
	at org.junit.runners.ParentRunner$3.run(ParentRunner.java:290)
	at org.junit.runners.ParentRunner$1.schedule(ParentRunner.java:71)
	at org.junit.runners.ParentRunner.runChildren(ParentRunner.java:288)
	at org.junit.runners.ParentRunner.access$000(ParentRunner.java:58)
	at org.junit.runners.ParentRunner$2.evaluate(ParentRunner.java:268)
	at org.springframework.test.context.junit4.statements.RunBeforeTestClassCallbacks.evaluate(RunBeforeTestClassCallbacks.java:61)
	at org.springframework.test.context.junit4.statements.RunAfterTestClassCallbacks.evaluate(RunAfterTestClassCallbacks.java:70)
	at org.junit.runners.ParentRunner.run(ParentRunner.java:363)
	at org.springframework.test.context.junit4.SpringJUnit4ClassRunner.run(SpringJUnit4ClassRunner.java:191)
	at org.apache.maven.surefire.junit4.JUnit4Provider.execute(JUnit4Provider.java:252)
	at org.apache.maven.surefire.junit4.JUnit4Provider.executeTestSet(JUnit4Provider.java:141)
	at org.apache.maven.surefire.junit4.JUnit4Provider.invoke(JUnit4Provider.java:112)
	at sun.reflect.NativeMethodAccessorImpl.invoke0(Native Method)
	at sun.reflect.NativeMethodAccessorImpl.invoke(NativeMethodAccessorImpl.java:62)
	at sun.reflect.DelegatingMethodAccessorImpl.invoke(DelegatingMethodAccessorImpl.java:43)
	at java.lang.reflect.Method.invoke(Method.java:498)
	at org.apache.maven.surefire.util.ReflectionUtils.invokeMethodWithArray(ReflectionUtils.java:189)
	at org.apache.maven.surefire.booter.ProviderFactory$ProviderProxy.invoke(ProviderFactory.java:165)
	at org.apache.maven.surefire.booter.ProviderFactory.invokeProvider(ProviderFactory.java:85)
	at org.apache.maven.surefire.booter.ForkedBooter.runSuitesInProcess(ForkedBooter.java:115)
	at org.apache.maven.surefire.booter.ForkedBooter.main(ForkedBooter.java:75)
19:37:11.883 [main] WARN RequestCycleExtra - ********************************
19:37:11.884 [main] DEBUG org.apache.wicket.Page - ending request for page [Page class = com.benjamin.erp.page.ReleaseBorrowerPage, id = 0, render count = 1], request org.apache.wicket.protocol.http.servlet.ServletWebRequest@23d0944b
19:37:11.887 [main] DEBUG org.apache.wicket.model.LoadableDetachableModel - removed transient object for &apos;org.apache.wicket.extensions.breadcrumb.BreadCrumbBar$BreadCrumbsListView$1@57b63253:attached=false:tempModelObject=[null]&apos;
19:37:11.888 [main] DEBUG org.apache.wicket.page.PageAccessSynchronizer - &apos;main&apos; released lock to page with id &apos;0&apos;
19:37:11.888 [main] DEBUG org.apache.wicket.page.PageAccessSynchronizer - &apos;main&apos; notifying blocked threads
19:37:11.889 [main] DEBUG org.apache.wicket.protocol.http.servlet.ServletWebRequest - Calculating context relative path from: context path &apos;/context&apos;, filterPrefix &apos;servlet/&apos;, uri &apos;/context/servlet/&apos;
19:37:11.894 [main] DEBUG org.springframework.test.context.support.AbstractDirtiesContextTestExecutionListener - After test method: context [DefaultTestContext@16022d9d testClass = BorrowerTest, testInstance = org.benjamin.erp.test.BorrowerTest@399c4be1, testMethod = tenderBorrower@BorrowerTest, testException = org.apache.wicket.WicketRuntimeException: The component(s) below failed to render. Possible reasons could be that:
	1) you have added a component in code but forgot to reference it in the markup (thus the component will never be rendered),
	2) if your components were added in a parent container then make sure the markup for the child container includes them in &lt;wicket:extend&gt;.

1. [DebugBar [Component id = debugBar, page = com.benjamin.erp.page.ReleaseBorrowerPage, path = debugBar, type = org.apache.wicket.devutils.debugbar.DebugBar, isVisible = true, isVersioned = true], children =  [Component id = logo][WebMarkupContainer [Component id = content]]]
2. [Component id = logo, page = com.benjamin.erp.page.ReleaseBorrowerPage, path = debugBar:logo, type = org.apache.wicket.markup.html.image.Image, isVisible = true, isVersioned = true]
3. [WebMarkupContainer [Component id = content, page = com.benjamin.erp.page.ReleaseBorrowerPage, path = debugBar:content, type = org.apache.wicket.markup.html.WebMarkupContainer, isVisible = true, isVersioned = true], children =  [ListView [Component id = contributors]][Component id = removeImg]]
4. [ListView [Component id = contributors, page = com.benjamin.erp.page.ReleaseBorrowerPage, path = debugBar:content:contributors, type = org.apache.wicket.markup.html.list.ListView, isVisible = true, isVersioned = true], children =  [ListItem [Component id = 0]][ListItem [Component id = 1]][ListItem [Component id = 2]][ListItem [Component id = 3]]]
5. [ListItem [Component id = 0, page = com.benjamin.erp.page.ReleaseBorrowerPage, path = debugBar:content:contributors:0, type = org.apache.wicket.markup.html.list.ListItem, isVisible = true, isVersioned = true], children =  [Component id = contrib]]
6. [Component id = contrib, page = com.benjamin.erp.page.ReleaseBorrowerPage, path = debugBar:content:contributors:0:contrib, type = org.apache.wicket.markup.html.basic.Label, isVisible = true, isVersioned = true]
7. [ListItem [Component id = 1, page = com.benjamin.erp.page.ReleaseBorrowerPage, path = debugBar:content:contributors:1, type = org.apache.wicket.markup.html.list.ListItem, isVisible = true, isVersioned = true], children =  [InspectorDebugPanel [Component id = contrib]]]
8. [InspectorDebugPanel [Component id = contrib, page = com.benjamin.erp.page.ReleaseBorrowerPage, path = debugBar:content:contributors:1:contrib, type = org.apache.wicket.devutils.debugbar.InspectorDebugPanel, isVisible = true, isVersioned = true], children =  [BookmarkablePageLink [Component id = link]]]
9. [BookmarkablePageLink [Component id = link, page = com.benjamin.erp.page.ReleaseBorrowerPage, path = debugBar:content:contributors:1:contrib:link, type = org.apache.wicket.markup.html.link.BookmarkablePageLink, isVisible = true, isVersioned = true], children =  [Component id = img][Component id = data]]
10. [Component id = img, page = com.benjamin.erp.page.ReleaseBorrowerPage, path = debugBar:content:contributors:1:contrib:link:img, type = org.apache.wicket.markup.html.image.Image, isVisible = true, isVersioned = true]
11. [Component id = data, page = com.benjamin.erp.page.ReleaseBorrowerPage, path = debugBar:content:contributors:1:contrib:link:data, type = org.apache.wicket.markup.html.basic.Label, isVisible = true, isVersioned = true]
12. [ListItem [Component id = 2, page = com.benjamin.erp.page.ReleaseBorrowerPage, path = debugBar:content:contributors:2, type = org.apache.wicket.markup.html.list.ListItem, isVisible = true, isVersioned = true], children =  [SessionSizeDebugPanel [Component id = contrib]]]
13. [SessionSizeDebugPanel [Component id = contrib, page = com.benjamin.erp.page.ReleaseBorrowerPage, path = debugBar:content:contributors:2:contrib, type = org.apache.wicket.devutils.debugbar.SessionSizeDebugPanel, isVisible = true, isVersioned = true], children =  [BookmarkablePageLink [Component id = link]]]
14. [BookmarkablePageLink [Component id = link, page = com.benjamin.erp.page.ReleaseBorrowerPage, path = debugBar:content:contributors:2:contrib:link, type = org.apache.wicket.markup.html.link.BookmarkablePageLink, isVisible = true, isVersioned = true], children =  [Component id = img][Component id = data]]
15. [Component id = img, page = com.benjamin.erp.page.ReleaseBorrowerPage, path = debugBar:content:contributors:2:contrib:link:img, type = org.apache.wicket.markup.html.image.Image, isVisible = true, isVersioned = true]
16. [Component id = data, page = com.benjamin.erp.page.ReleaseBorrowerPage, path = debugBar:content:contributors:2:contrib:link:data, type = org.apache.wicket.markup.html.basic.Label, isVisible = true, isVersioned = true]
17. [ListItem [Component id = 3, page = com.benjamin.erp.page.ReleaseBorrowerPage, path = debugBar:content:contributors:3, type = org.apache.wicket.markup.html.list.ListItem, isVisible = true, isVersioned = true], children =  [PageSizeDebugPanel [Component id = contrib]]]
18. [PageSizeDebugPanel [Component id = contrib, page = com.benjamin.erp.page.ReleaseBorrowerPage, path = debugBar:content:contributors:3:contrib, type = org.apache.wicket.devutils.debugbar.PageSizeDebugPanel, isVisible = true, isVersioned = true], children =  [BookmarkablePageLink [Component id = link]]]
19. [BookmarkablePageLink [Component id = link, page = com.benjamin.erp.page.ReleaseBorrowerPage, path = debugBar:content:contributors:3:contrib:link, type = org.apache.wicket.markup.html.link.BookmarkablePageLink, isVisible = true, isVersioned = true], children =  [Component id = img][Component id = data]]
20. [Component id = img, page = com.benjamin.erp.page.ReleaseBorrowerPage, path = debugBar:content:contributors:3:contrib:link:img, type = org.apache.wicket.markup.html.image.Image, isVisible = true, isVersioned = true]
21. [Component id = data, page = com.benjamin.erp.page.ReleaseBorrowerPage, path = debugBar:content:contributors:3:contrib:link:data, type = org.apache.wicket.markup.html.basic.Label, isVisible = true, isVersioned = true]
22. [Component id = removeImg, page = com.benjamin.erp.page.ReleaseBorrowerPage, path = debugBar:content:removeImg, type = org.apache.wicket.markup.html.image.Image, isVisible = true, isVersioned = true]
, mergedContextConfiguration = [MergedContextConfiguration@7e9a5fbe testClass = BorrowerTest, locations = &apos;{}&apos;, classes = &apos;{class com.benjamin.erp.config.SpringApplicationContext}&apos;, contextInitializerClasses = &apos;[]&apos;, activeProfiles = &apos;{}&apos;, propertySourceLocations = &apos;{}&apos;, propertySourceProperties = &apos;{}&apos;, contextCustomizers = set[[empty]], contextLoader = &apos;org.springframework.test.context.support.DelegatingSmartContextLoader&apos;, parent = [null]]], class annotated with @DirtiesContext [false] with mode [null], method annotated with @DirtiesContext [false] with mode [null].
</system-out>
    <system-err>SLF4J: Class path contains multiple SLF4J bindings.
SLF4J: Found binding in [jar:file:/C:/Users/xywenjie/.m2/repository/ch/qos/logback/logback-classic/1.2.3/logback-classic-1.2.3.jar!/org/slf4j/impl/StaticLoggerBinder.class]
SLF4J: Found binding in [jar:file:/C:/Users/xywenjie/.m2/repository/org/apache/logging/log4j/log4j-slf4j-impl/2.11.0/log4j-slf4j-impl-2.11.0.jar!/org/slf4j/impl/StaticLoggerBinder.class]
SLF4J: See http://www.slf4j.org/codes.html#multiple_bindings for an explanation.
SLF4J: Actual binding is of type [ch.qos.logback.classic.util.ContextSelectorStaticBinder]
ERROR StatusLogger No Log4j 2 configuration file found. Using default configuration (logging only errors to the console), or user programmatically provided configurations. Set system property &apos;log4j2.debug&apos; to show Log4j 2 internal initialization logging. See https://logging.apache.org/log4j/2.x/manual/configuration.html for instructions on how to configure Log4j 2
Fri Apr 26 19:37:06 CST 2019 WARN: Establishing SSL connection without server&apos;s identity verification is not recommended. According to MySQL 5.5.45+, 5.6.26+ and 5.7.6+ requirements SSL connection must be established by default if explicit option isn&apos;t set. For compliance with existing applications not using SSL the verifyServerCertificate property is set to &apos;false&apos;. You need either to explicitly disable SSL by setting useSSL=false, or set useSSL=true and provide truststore for server certificate verification.
Fri Apr 26 19:37:07 CST 2019 WARN: Establishing SSL connection without server&apos;s identity verification is not recommended. According to MySQL 5.5.45+, 5.6.26+ and 5.7.6+ requirements SSL connection must be established by default if explicit option isn&apos;t set. For compliance with existing applications not using SSL the verifyServerCertificate property is set to &apos;false&apos;. You need either to explicitly disable SSL by setting useSSL=false, or set useSSL=true and provide truststore for server certificate verification.
Fri Apr 26 19:37:08 CST 2019 WARN: Establishing SSL connection without server&apos;s identity verification is not recommended. According to MySQL 5.5.45+, 5.6.26+ and 5.7.6+ requirements SSL connection must be established by default if explicit option isn&apos;t set. For compliance with existing applications not using SSL the verifyServerCertificate property is set to &apos;false&apos;. You need either to explicitly disable SSL by setting useSSL=false, or set useSSL=true and provide truststore for server certificate verification.
Fri Apr 26 19:37:10 CST 2019 WARN: Establishing SSL connection without server&apos;s identity verification is not recommended. According to MySQL 5.5.45+, 5.6.26+ and 5.7.6+ requirements SSL connection must be established by default if explicit option isn&apos;t set. For compliance with existing applications not using SSL the verifyServerCertificate property is set to &apos;false&apos;. You need either to explicitly disable SSL by setting useSSL=false, or set useSSL=true and provide truststore for server certificate verification.
Fri Apr 26 19:37:10 CST 2019 WARN: Establishing SSL connection without server&apos;s identity verification is not recommended. According to MySQL 5.5.45+, 5.6.26+ and 5.7.6+ requirements SSL connection must be established by default if explicit option isn&apos;t set. For compliance with existing applications not using SSL the verifyServerCertificate property is set to &apos;false&apos;. You need either to explicitly disable SSL by setting useSSL=false, or set useSSL=true and provide truststore for server certificate verification.
Fri Apr 26 19:37:10 CST 2019 WARN: Establishing SSL connection without server&apos;s identity verification is not recommended. According to MySQL 5.5.45+, 5.6.26+ and 5.7.6+ requirements SSL connection must be established by default if explicit option isn&apos;t set. For compliance with existing applications not using SSL the verifyServerCertificate property is set to &apos;false&apos;. You need either to explicitly disable SSL by setting useSSL=false, or set useSSL=true and provide truststore for server certificate verification.
</system-err>
  </testcase>
</testsuite>